{"/Users/jeanno/Projects/kickscrew/admin-portal/nexus/price-engine/src/db.js": {"path":"/Users/jeanno/Projects/kickscrew/admin-portal/nexus/price-engine/src/db.js","statementMap":{"0":{"start":{"line":1,"column":14},"end":{"line":1,"column":31}},"1":{"start":{"line":3,"column":0},"end":{"line":3,"column":27}},"2":{"start":{"line":5,"column":22},"end":{"line":14,"column":1}},"3":{"start":{"line":16,"column":13},"end":{"line":16,"column":46}},"4":{"start":{"line":17,"column":13},"end":{"line":17,"column":46}},"5":{"start":{"line":18,"column":24},"end":{"line":18,"column":60}},"6":{"start":{"line":20,"column":19},"end":{"line":28,"column":2}},"7":{"start":{"line":31,"column":2},"end":{"line":41,"column":5}},"8":{"start":{"line":32,"column":4},"end":{"line":40,"column":6}},"9":{"start":{"line":34,"column":8},"end":{"line":38,"column":9}},"10":{"start":{"line":35,"column":10},"end":{"line":35,"column":22}},"11":{"start":{"line":37,"column":10},"end":{"line":37,"column":27}},"12":{"start":{"line":45,"column":17},"end":{"line":45,"column":41}},"13":{"start":{"line":46,"column":2},"end":{"line":46,"column":27}},"14":{"start":{"line":50,"column":17},"end":{"line":50,"column":41}},"15":{"start":{"line":51,"column":2},"end":{"line":51,"column":42}},"16":{"start":{"line":55,"column":17},"end":{"line":55,"column":44}},"17":{"start":{"line":56,"column":2},"end":{"line":56,"column":56}},"18":{"start":{"line":60,"column":2},"end":{"line":62,"column":4}},"19":{"start":{"line":66,"column":2},"end":{"line":66,"column":55}},"20":{"start":{"line":70,"column":2},"end":{"line":75,"column":4}},"21":{"start":{"line":79,"column":2},"end":{"line":86,"column":4}},"22":{"start":{"line":90,"column":2},"end":{"line":96,"column":4}},"23":{"start":{"line":100,"column":2},"end":{"line":105,"column":4}},"24":{"start":{"line":109,"column":2},"end":{"line":109,"column":51}},"25":{"start":{"line":109,"column":39},"end":{"line":109,"column":51}},"26":{"start":{"line":110,"column":2},"end":{"line":115,"column":3}},"27":{"start":{"line":120,"column":2},"end":{"line":125,"column":4}},"28":{"start":{"line":129,"column":2},"end":{"line":144,"column":3}},"29":{"start":{"line":131,"column":6},"end":{"line":131,"column":35}},"30":{"start":{"line":133,"column":6},"end":{"line":133,"column":40}},"31":{"start":{"line":135,"column":6},"end":{"line":135,"column":35}},"32":{"start":{"line":137,"column":6},"end":{"line":137,"column":38}},"33":{"start":{"line":139,"column":6},"end":{"line":139,"column":41}},"34":{"start":{"line":141,"column":6},"end":{"line":141,"column":41}},"35":{"start":{"line":143,"column":6},"end":{"line":143,"column":41}},"36":{"start":{"line":145,"column":2},"end":{"line":145,"column":14}},"37":{"start":{"line":149,"column":2},"end":{"line":156,"column":4}},"38":{"start":{"line":171,"column":2},"end":{"line":178,"column":4}},"39":{"start":{"line":182,"column":2},"end":{"line":191,"column":4}},"40":{"start":{"line":196,"column":2},"end":{"line":204,"column":4}},"41":{"start":{"line":208,"column":2},"end":{"line":215,"column":4}},"42":{"start":{"line":219,"column":2},"end":{"line":226,"column":4}},"43":{"start":{"line":231,"column":2},"end":{"line":236,"column":4}},"44":{"start":{"line":242,"column":6},"end":{"line":242,"column":13}},"45":{"start":{"line":243,"column":17},"end":{"line":243,"column":62}},"46":{"start":{"line":244,"column":23},"end":{"line":244,"column":43}},"47":{"start":{"line":245,"column":23},"end":{"line":245,"column":43}},"48":{"start":{"line":246,"column":19},"end":{"line":246,"column":51}},"49":{"start":{"line":247,"column":2},"end":{"line":247,"column":57}},"50":{"start":{"line":247,"column":16},"end":{"line":247,"column":57}},"51":{"start":{"line":249,"column":2},"end":{"line":254,"column":3}},"52":{"start":{"line":250,"column":4},"end":{"line":250,"column":53}},"53":{"start":{"line":252,"column":4},"end":{"line":252,"column":54}},"54":{"start":{"line":252,"column":35},"end":{"line":252,"column":54}},"55":{"start":{"line":253,"column":4},"end":{"line":253,"column":53}},"56":{"start":{"line":255,"column":2},"end":{"line":255,"column":16}},"57":{"start":{"line":259,"column":2},"end":{"line":265,"column":4}},"58":{"start":{"line":269,"column":2},"end":{"line":279,"column":4}},"59":{"start":{"line":282,"column":0},"end":{"line":294,"column":2}}},"fnMap":{"0":{"name":"query","decl":{"start":{"line":30,"column":15},"end":{"line":30,"column":20}},"loc":{"start":{"line":30,"column":34},"end":{"line":42,"column":1}},"line":30},"1":{"name":"(anonymous_1)","decl":{"start":{"line":31,"column":21},"end":{"line":31,"column":22}},"loc":{"start":{"line":31,"column":42},"end":{"line":41,"column":3}},"line":31},"2":{"name":"(anonymous_2)","decl":{"start":{"line":33,"column":6},"end":{"line":33,"column":7}},"loc":{"start":{"line":33,"column":24},"end":{"line":39,"column":7}},"line":33},"3":{"name":"queryExists","decl":{"start":{"line":44,"column":15},"end":{"line":44,"column":26}},"loc":{"start":{"line":44,"column":40},"end":{"line":47,"column":1}},"line":44},"4":{"name":"queryOne","decl":{"start":{"line":49,"column":15},"end":{"line":49,"column":23}},"loc":{"start":{"line":49,"column":37},"end":{"line":52,"column":1}},"line":49},"5":{"name":"queryValue","decl":{"start":{"line":54,"column":15},"end":{"line":54,"column":25}},"loc":{"start":{"line":54,"column":39},"end":{"line":57,"column":1}},"line":54},"6":{"name":"getRates","decl":{"start":{"line":59,"column":15},"end":{"line":59,"column":23}},"loc":{"start":{"line":59,"column":26},"end":{"line":63,"column":1}},"line":59},"7":{"name":"getSetup","decl":{"start":{"line":65,"column":15},"end":{"line":65,"column":23}},"loc":{"start":{"line":65,"column":26},"end":{"line":67,"column":1}},"line":65},"8":{"name":"getCategoryByProduct","decl":{"start":{"line":69,"column":15},"end":{"line":69,"column":35}},"loc":{"start":{"line":69,"column":53},"end":{"line":76,"column":1}},"line":69},"9":{"name":"getCurrentStockDetail","decl":{"start":{"line":78,"column":15},"end":{"line":78,"column":36}},"loc":{"start":{"line":78,"column":42},"end":{"line":87,"column":1}},"line":78},"10":{"name":"getProductDetail","decl":{"start":{"line":89,"column":15},"end":{"line":89,"column":31}},"loc":{"start":{"line":89,"column":37},"end":{"line":97,"column":1}},"line":89},"11":{"name":"getProductSKUs","decl":{"start":{"line":99,"column":15},"end":{"line":99,"column":29}},"loc":{"start":{"line":99,"column":39},"end":{"line":106,"column":1}},"line":99},"12":{"name":"getIsProductSuspendedBySource","decl":{"start":{"line":108,"column":15},"end":{"line":108,"column":44}},"loc":{"start":{"line":108,"column":62},"end":{"line":116,"column":1}},"line":108},"13":{"name":"getQtyByWarehouse","decl":{"start":{"line":119,"column":15},"end":{"line":119,"column":32}},"loc":{"start":{"line":119,"column":53},"end":{"line":126,"column":1}},"line":119},"14":{"name":"getStockDetailBySource","decl":{"start":{"line":128,"column":15},"end":{"line":128,"column":37}},"loc":{"start":{"line":128,"column":51},"end":{"line":146,"column":1}},"line":128},"15":{"name":"getStockDetailKC","decl":{"start":{"line":148,"column":15},"end":{"line":148,"column":31}},"loc":{"start":{"line":148,"column":37},"end":{"line":157,"column":1}},"line":148},"16":{"name":"getStockDetailConsign","decl":{"start":{"line":170,"column":15},"end":{"line":170,"column":36}},"loc":{"start":{"line":170,"column":42},"end":{"line":179,"column":1}},"line":170},"17":{"name":"getStockDetailDU","decl":{"start":{"line":181,"column":15},"end":{"line":181,"column":31}},"loc":{"start":{"line":181,"column":37},"end":{"line":192,"column":1}},"line":181},"18":{"name":"getStockDetailHeiya","decl":{"start":{"line":194,"column":15},"end":{"line":194,"column":34}},"loc":{"start":{"line":194,"column":40},"end":{"line":205,"column":1}},"line":194},"19":{"name":"getStockDetailIdTaiwan","decl":{"start":{"line":207,"column":15},"end":{"line":207,"column":37}},"loc":{"start":{"line":207,"column":43},"end":{"line":216,"column":1}},"line":207},"20":{"name":"getStockDetailAfTaiwan","decl":{"start":{"line":218,"column":15},"end":{"line":218,"column":37}},"loc":{"start":{"line":218,"column":43},"end":{"line":227,"column":1}},"line":218},"21":{"name":"getStockDetailSnkrdunk","decl":{"start":{"line":229,"column":15},"end":{"line":229,"column":37}},"loc":{"start":{"line":229,"column":43},"end":{"line":237,"column":1}},"line":229},"22":{"name":"updateStockDetail","decl":{"start":{"line":239,"column":15},"end":{"line":239,"column":32}},"loc":{"start":{"line":239,"column":42},"end":{"line":256,"column":1}},"line":239},"23":{"name":"doInsertStockDetail","decl":{"start":{"line":258,"column":15},"end":{"line":258,"column":34}},"loc":{"start":{"line":258,"column":43},"end":{"line":266,"column":1}},"line":258},"24":{"name":"doUpdateStockDetail","decl":{"start":{"line":268,"column":15},"end":{"line":268,"column":34}},"loc":{"start":{"line":268,"column":43},"end":{"line":280,"column":1}},"line":268}},"branchMap":{"0":{"loc":{"start":{"line":16,"column":13},"end":{"line":16,"column":46}},"type":"binary-expr","locations":[{"start":{"line":16,"column":13},"end":{"line":16,"column":36}},{"start":{"line":16,"column":40},"end":{"line":16,"column":46}}],"line":16},"1":{"loc":{"start":{"line":17,"column":13},"end":{"line":17,"column":46}},"type":"binary-expr","locations":[{"start":{"line":17,"column":13},"end":{"line":17,"column":36}},{"start":{"line":17,"column":40},"end":{"line":17,"column":46}}],"line":17},"2":{"loc":{"start":{"line":18,"column":24},"end":{"line":18,"column":60}},"type":"binary-expr","locations":[{"start":{"line":18,"column":24},"end":{"line":18,"column":55}},{"start":{"line":18,"column":59},"end":{"line":18,"column":60}}],"line":18},"3":{"loc":{"start":{"line":21,"column":8},"end":{"line":21,"column":42}},"type":"binary-expr","locations":[{"start":{"line":21,"column":8},"end":{"line":21,"column":27}},{"start":{"line":21,"column":31},"end":{"line":21,"column":42}}],"line":21},"4":{"loc":{"start":{"line":22,"column":8},"end":{"line":22,"column":37}},"type":"binary-expr","locations":[{"start":{"line":22,"column":8},"end":{"line":22,"column":27}},{"start":{"line":22,"column":31},"end":{"line":22,"column":37}}],"line":22},"5":{"loc":{"start":{"line":23,"column":12},"end":{"line":23,"column":41}},"type":"binary-expr","locations":[{"start":{"line":23,"column":12},"end":{"line":23,"column":35}},{"start":{"line":23,"column":39},"end":{"line":23,"column":41}}],"line":23},"6":{"loc":{"start":{"line":34,"column":8},"end":{"line":38,"column":9}},"type":"if","locations":[{"start":{"line":34,"column":8},"end":{"line":38,"column":9}},{"start":{"line":36,"column":15},"end":{"line":38,"column":9}}],"line":34},"7":{"loc":{"start":{"line":51,"column":9},"end":{"line":51,"column":41}},"type":"cond-expr","locations":[{"start":{"line":51,"column":25},"end":{"line":51,"column":34}},{"start":{"line":51,"column":37},"end":{"line":51,"column":41}}],"line":51},"8":{"loc":{"start":{"line":56,"column":9},"end":{"line":56,"column":55}},"type":"cond-expr","locations":[{"start":{"line":56,"column":18},"end":{"line":56,"column":48}},{"start":{"line":56,"column":51},"end":{"line":56,"column":55}}],"line":56},"9":{"loc":{"start":{"line":109,"column":2},"end":{"line":109,"column":51}},"type":"if","locations":[{"start":{"line":109,"column":2},"end":{"line":109,"column":51}},{"start":{},"end":{}}],"line":109},"10":{"loc":{"start":{"line":129,"column":2},"end":{"line":144,"column":3}},"type":"switch","locations":[{"start":{"line":130,"column":4},"end":{"line":131,"column":35}},{"start":{"line":132,"column":4},"end":{"line":133,"column":40}},{"start":{"line":134,"column":4},"end":{"line":135,"column":35}},{"start":{"line":136,"column":4},"end":{"line":137,"column":38}},{"start":{"line":138,"column":4},"end":{"line":139,"column":41}},{"start":{"line":140,"column":4},"end":{"line":141,"column":41}},{"start":{"line":142,"column":4},"end":{"line":143,"column":41}}],"line":129},"11":{"loc":{"start":{"line":243,"column":34},"end":{"line":243,"column":48}},"type":"binary-expr","locations":[{"start":{"line":243,"column":34},"end":{"line":243,"column":43}},{"start":{"line":243,"column":47},"end":{"line":243,"column":48}}],"line":243},"12":{"loc":{"start":{"line":247,"column":2},"end":{"line":247,"column":57}},"type":"if","locations":[{"start":{"line":247,"column":2},"end":{"line":247,"column":57}},{"start":{},"end":{}}],"line":247},"13":{"loc":{"start":{"line":252,"column":4},"end":{"line":252,"column":54}},"type":"if","locations":[{"start":{"line":252,"column":4},"end":{"line":252,"column":54}},{"start":{},"end":{}}],"line":252}},"s":{"0":1,"1":1,"2":1,"3":1,"4":1,"5":1,"6":1,"7":0,"8":0,"9":0,"10":0,"11":0,"12":0,"13":0,"14":0,"15":0,"16":0,"17":0,"18":0,"19":0,"20":0,"21":0,"22":0,"23":0,"24":0,"25":0,"26":0,"27":0,"28":0,"29":0,"30":0,"31":0,"32":0,"33":0,"34":0,"35":0,"36":0,"37":0,"38":0,"39":0,"40":0,"41":0,"42":0,"43":0,"44":0,"45":0,"46":0,"47":0,"48":0,"49":0,"50":0,"51":0,"52":0,"53":0,"54":0,"55":0,"56":0,"57":0,"58":0,"59":1},"f":{"0":0,"1":0,"2":0,"3":0,"4":0,"5":0,"6":0,"7":0,"8":0,"9":0,"10":0,"11":0,"12":0,"13":0,"14":0,"15":0,"16":0,"17":0,"18":0,"19":0,"20":0,"21":0,"22":0,"23":0,"24":0},"b":{"0":[1,0],"1":[1,0],"2":[1,1],"3":[1,0],"4":[1,0],"5":[1,0],"6":[0,0],"7":[0,0],"8":[0,0],"9":[0,0],"10":[0,0,0,0,0,0,0],"11":[0,0],"12":[0,0],"13":[0,0]},"_coverageSchema":"1a1c01bbd47fc00a2c39e90264f33305004495a9","hash":"c614bef70567820408f22a7eb40501f9fc24abe5"}
,"/Users/jeanno/Projects/kickscrew/admin-portal/nexus/price-engine/src/fs.js": {"path":"/Users/jeanno/Projects/kickscrew/admin-portal/nexus/price-engine/src/fs.js","statementMap":{"0":{"start":{"line":1,"column":33},"end":{"line":1,"column":67}},"1":{"start":{"line":3,"column":23},"end":{"line":3,"column":71}},"2":{"start":{"line":5,"column":14},"end":{"line":5,"column":29}},"3":{"start":{"line":6,"column":19},"end":{"line":6,"column":51}},"4":{"start":{"line":9,"column":2},"end":{"line":9,"column":44}},"5":{"start":{"line":13,"column":2},"end":{"line":13,"column":42}},"6":{"start":{"line":17,"column":18},"end":{"line":17,"column":38}},"7":{"start":{"line":18,"column":14},"end":{"line":18,"column":43}},"8":{"start":{"line":19,"column":2},"end":{"line":19,"column":38}},"9":{"start":{"line":23,"column":18},"end":{"line":23,"column":38}},"10":{"start":{"line":24,"column":2},"end":{"line":24,"column":54}},"11":{"start":{"line":28,"column":2},"end":{"line":28,"column":31}},"12":{"start":{"line":33,"column":19},"end":{"line":34,"column":55}},"13":{"start":{"line":35,"column":2},"end":{"line":37,"column":3}},"14":{"start":{"line":36,"column":4},"end":{"line":36,"column":14}},"15":{"start":{"line":38,"column":15},"end":{"line":38,"column":17}},"16":{"start":{"line":39,"column":2},"end":{"line":39,"column":49}},"17":{"start":{"line":39,"column":26},"end":{"line":39,"column":47}},"18":{"start":{"line":40,"column":2},"end":{"line":40,"column":14}},"19":{"start":{"line":44,"column":2},"end":{"line":44,"column":38}},"20":{"start":{"line":47,"column":0},"end":{"line":52,"column":2}}},"fnMap":{"0":{"name":"toTimestamp","decl":{"start":{"line":8,"column":9},"end":{"line":8,"column":20}},"loc":{"start":{"line":8,"column":27},"end":{"line":10,"column":1}},"line":8},"1":{"name":"cleanDocAddress","decl":{"start":{"line":12,"column":9},"end":{"line":12,"column":24}},"loc":{"start":{"line":12,"column":30},"end":{"line":14,"column":1}},"line":12},"2":{"name":"read","decl":{"start":{"line":16,"column":15},"end":{"line":16,"column":19}},"loc":{"start":{"line":16,"column":31},"end":{"line":20,"column":1}},"line":16},"3":{"name":"write","decl":{"start":{"line":22,"column":15},"end":{"line":22,"column":20}},"loc":{"start":{"line":22,"column":38},"end":{"line":25,"column":1}},"line":22},"4":{"name":"getPriceStock","decl":{"start":{"line":27,"column":15},"end":{"line":27,"column":28}},"loc":{"start":{"line":27,"column":34},"end":{"line":29,"column":1}},"line":27},"5":{"name":"getPriceStockByModelNumber","decl":{"start":{"line":31,"column":15},"end":{"line":31,"column":41}},"loc":{"start":{"line":31,"column":51},"end":{"line":41,"column":1}},"line":31},"6":{"name":"(anonymous_6)","decl":{"start":{"line":39,"column":19},"end":{"line":39,"column":20}},"loc":{"start":{"line":39,"column":26},"end":{"line":39,"column":47}},"line":39},"7":{"name":"setPriceStock","decl":{"start":{"line":43,"column":15},"end":{"line":43,"column":28}},"loc":{"start":{"line":43,"column":40},"end":{"line":45,"column":1}},"line":43}},"branchMap":{"0":{"loc":{"start":{"line":3,"column":23},"end":{"line":3,"column":71}},"type":"binary-expr","locations":[{"start":{"line":3,"column":23},"end":{"line":3,"column":54}},{"start":{"line":3,"column":58},"end":{"line":3,"column":71}}],"line":3},"1":{"loc":{"start":{"line":19,"column":9},"end":{"line":19,"column":37}},"type":"cond-expr","locations":[{"start":{"line":19,"column":22},"end":{"line":19,"column":32}},{"start":{"line":19,"column":35},"end":{"line":19,"column":37}}],"line":19},"2":{"loc":{"start":{"line":35,"column":2},"end":{"line":37,"column":3}},"type":"if","locations":[{"start":{"line":35,"column":2},"end":{"line":37,"column":3}},{"start":{},"end":{}}],"line":35}},"s":{"0":1,"1":1,"2":1,"3":1,"4":0,"5":0,"6":0,"7":0,"8":0,"9":0,"10":0,"11":0,"12":0,"13":0,"14":0,"15":0,"16":0,"17":0,"18":0,"19":0,"20":1},"f":{"0":0,"1":0,"2":0,"3":0,"4":0,"5":0,"6":0,"7":0},"b":{"0":[1,1],"1":[0,0],"2":[0,0]},"_coverageSchema":"1a1c01bbd47fc00a2c39e90264f33305004495a9","hash":"7ed9956f64bf3d1f834ee25c80401e288aa5df27"}
,"/Users/jeanno/Projects/kickscrew/admin-portal/nexus/price-engine/src/pricing-config.js": {"path":"/Users/jeanno/Projects/kickscrew/admin-portal/nexus/price-engine/src/pricing-config.js","statementMap":{"0":{"start":{"line":1,"column":11},"end":{"line":1,"column":26}},"1":{"start":{"line":2,"column":42},"end":{"line":2,"column":59}},"2":{"start":{"line":4,"column":26},"end":{"line":29,"column":1}},"3":{"start":{"line":31,"column":26},"end":{"line":31,"column":56}},"4":{"start":{"line":33,"column":19},"end":{"line":39,"column":1}},"5":{"start":{"line":41,"column":25},"end":{"line":41,"column":29}},"6":{"start":{"line":43,"column":2},"end":{"line":59,"column":3}},"7":{"start":{"line":44,"column":16},"end":{"line":44,"column":35}},"8":{"start":{"line":45,"column":4},"end":{"line":54,"column":7}},"9":{"start":{"line":46,"column":23},"end":{"line":46,"column":57}},"10":{"start":{"line":47,"column":23},"end":{"line":47,"column":62}},"11":{"start":{"line":48,"column":6},"end":{"line":53,"column":9}},"12":{"start":{"line":56,"column":4},"end":{"line":58,"column":7}},"13":{"start":{"line":60,"column":2},"end":{"line":60,"column":28}},"14":{"start":{"line":63,"column":20},"end":{"line":63,"column":24}},"15":{"start":{"line":65,"column":0},"end":{"line":109,"column":1}},"16":{"start":{"line":72,"column":4},"end":{"line":76,"column":5}},"17":{"start":{"line":74,"column":6},"end":{"line":74,"column":34}},"18":{"start":{"line":75,"column":6},"end":{"line":75,"column":38}},"19":{"start":{"line":77,"column":4},"end":{"line":77,"column":47}},"20":{"start":{"line":81,"column":26},"end":{"line":81,"column":52}},"21":{"start":{"line":82,"column":16},"end":{"line":82,"column":58}},"22":{"start":{"line":83,"column":4},"end":{"line":83,"column":35}},"23":{"start":{"line":87,"column":26},"end":{"line":87,"column":52}},"24":{"start":{"line":88,"column":16},"end":{"line":88,"column":58}},"25":{"start":{"line":89,"column":4},"end":{"line":89,"column":35}},"26":{"start":{"line":93,"column":26},"end":{"line":93,"column":52}},"27":{"start":{"line":94,"column":16},"end":{"line":94,"column":46}},"28":{"start":{"line":95,"column":4},"end":{"line":95,"column":35}},"29":{"start":{"line":99,"column":4},"end":{"line":99,"column":29}},"30":{"start":{"line":103,"column":4},"end":{"line":103,"column":47}},"31":{"start":{"line":107,"column":4},"end":{"line":107,"column":43}}},"fnMap":{"0":{"name":"fetchCurrencyRates","decl":{"start":{"line":42,"column":15},"end":{"line":42,"column":33}},"loc":{"start":{"line":42,"column":36},"end":{"line":61,"column":1}},"line":42},"1":{"name":"(anonymous_1)","decl":{"start":{"line":45,"column":23},"end":{"line":45,"column":24}},"loc":{"start":{"line":45,"column":30},"end":{"line":54,"column":5}},"line":45},"2":{"name":"(anonymous_2)","decl":{"start":{"line":71,"column":2},"end":{"line":71,"column":3}},"loc":{"start":{"line":71,"column":36},"end":{"line":78,"column":3}},"line":71},"3":{"name":"(anonymous_3)","decl":{"start":{"line":80,"column":2},"end":{"line":80,"column":3}},"loc":{"start":{"line":80,"column":33},"end":{"line":84,"column":3}},"line":80},"4":{"name":"(anonymous_4)","decl":{"start":{"line":86,"column":2},"end":{"line":86,"column":3}},"loc":{"start":{"line":86,"column":33},"end":{"line":90,"column":3}},"line":86},"5":{"name":"(anonymous_5)","decl":{"start":{"line":92,"column":2},"end":{"line":92,"column":3}},"loc":{"start":{"line":92,"column":31},"end":{"line":96,"column":3}},"line":92},"6":{"name":"(anonymous_6)","decl":{"start":{"line":98,"column":2},"end":{"line":98,"column":3}},"loc":{"start":{"line":98,"column":25},"end":{"line":100,"column":3}},"line":98},"7":{"name":"(anonymous_7)","decl":{"start":{"line":102,"column":2},"end":{"line":102,"column":3}},"loc":{"start":{"line":102,"column":23},"end":{"line":104,"column":3}},"line":102},"8":{"name":"(anonymous_8)","decl":{"start":{"line":106,"column":2},"end":{"line":106,"column":3}},"loc":{"start":{"line":106,"column":27},"end":{"line":108,"column":3}},"line":106}},"branchMap":{"0":{"loc":{"start":{"line":43,"column":2},"end":{"line":59,"column":3}},"type":"if","locations":[{"start":{"line":43,"column":2},"end":{"line":59,"column":3}},{"start":{},"end":{}}],"line":43},"1":{"loc":{"start":{"line":47,"column":23},"end":{"line":47,"column":62}},"type":"binary-expr","locations":[{"start":{"line":47,"column":23},"end":{"line":47,"column":57}},{"start":{"line":47,"column":61},"end":{"line":47,"column":62}}],"line":47},"2":{"loc":{"start":{"line":72,"column":4},"end":{"line":76,"column":5}},"type":"if","locations":[{"start":{"line":72,"column":4},"end":{"line":76,"column":5}},{"start":{},"end":{}}],"line":72},"3":{"loc":{"start":{"line":83,"column":11},"end":{"line":83,"column":34}},"type":"binary-expr","locations":[{"start":{"line":83,"column":11},"end":{"line":83,"column":29}},{"start":{"line":83,"column":33},"end":{"line":83,"column":34}}],"line":83},"4":{"loc":{"start":{"line":89,"column":11},"end":{"line":89,"column":34}},"type":"binary-expr","locations":[{"start":{"line":89,"column":11},"end":{"line":89,"column":29}},{"start":{"line":89,"column":33},"end":{"line":89,"column":34}}],"line":89},"5":{"loc":{"start":{"line":95,"column":11},"end":{"line":95,"column":34}},"type":"binary-expr","locations":[{"start":{"line":95,"column":11},"end":{"line":95,"column":29}},{"start":{"line":95,"column":33},"end":{"line":95,"column":34}}],"line":95}},"s":{"0":1,"1":1,"2":1,"3":1,"4":1,"5":1,"6":0,"7":0,"8":0,"9":0,"10":0,"11":0,"12":0,"13":0,"14":1,"15":1,"16":0,"17":0,"18":0,"19":0,"20":0,"21":0,"22":0,"23":0,"24":0,"25":0,"26":0,"27":0,"28":0,"29":0,"30":0,"31":0},"f":{"0":0,"1":0,"2":0,"3":0,"4":0,"5":0,"6":0,"7":0,"8":0},"b":{"0":[0,0],"1":[0,0],"2":[0,0],"3":[0,0],"4":[0,0],"5":[0,0]},"_coverageSchema":"1a1c01bbd47fc00a2c39e90264f33305004495a9","hash":"ef4e973e0250812d93d9f854fd01bf893d81cf99"}
,"/Users/jeanno/Projects/kickscrew/admin-portal/nexus/price-engine/src/sku.js": {"path":"/Users/jeanno/Projects/kickscrew/admin-portal/nexus/price-engine/src/sku.js","statementMap":{"0":{"start":{"line":1,"column":15},"end":{"line":1,"column":32}},"1":{"start":{"line":3,"column":23},"end":{"line":3,"column":50}},"2":{"start":{"line":4,"column":30},"end":{"line":4,"column":47}},"3":{"start":{"line":6,"column":20},"end":{"line":17,"column":1}},"4":{"start":{"line":20,"column":36},"end":{"line":24,"column":1}},"5":{"start":{"line":26,"column":29},"end":{"line":26,"column":31}},"6":{"start":{"line":29,"column":21},"end":{"line":29,"column":23}},"7":{"start":{"line":32,"column":24},"end":{"line":32,"column":26}},"8":{"start":{"line":35,"column":23},"end":{"line":35,"column":24}},"9":{"start":{"line":37,"column":29},"end":{"line":37,"column":33}},"10":{"start":{"line":42,"column":4},"end":{"line":44,"column":5}},"11":{"start":{"line":43,"column":6},"end":{"line":43,"column":46}},"12":{"start":{"line":45,"column":4},"end":{"line":45,"column":33}},"13":{"start":{"line":47,"column":23},"end":{"line":47,"column":42}},"14":{"start":{"line":48,"column":4},"end":{"line":48,"column":21}},"15":{"start":{"line":49,"column":4},"end":{"line":49,"column":44}},"16":{"start":{"line":52,"column":4},"end":{"line":52,"column":37}},"17":{"start":{"line":54,"column":4},"end":{"line":54,"column":28}},"18":{"start":{"line":55,"column":4},"end":{"line":55,"column":34}},"19":{"start":{"line":56,"column":4},"end":{"line":60,"column":5}},"20":{"start":{"line":57,"column":6},"end":{"line":57,"column":37}},"21":{"start":{"line":59,"column":6},"end":{"line":59,"column":46}},"22":{"start":{"line":61,"column":4},"end":{"line":61,"column":22}},"23":{"start":{"line":65,"column":4},"end":{"line":67,"column":5}},"24":{"start":{"line":66,"column":6},"end":{"line":66,"column":46}},"25":{"start":{"line":68,"column":26},"end":{"line":68,"column":43}},"26":{"start":{"line":71,"column":4},"end":{"line":73,"column":5}},"27":{"start":{"line":72,"column":6},"end":{"line":72,"column":41}},"28":{"start":{"line":74,"column":16},"end":{"line":74,"column":53}},"29":{"start":{"line":75,"column":4},"end":{"line":75,"column":58}},"30":{"start":{"line":79,"column":4},"end":{"line":79,"column":40}},"31":{"start":{"line":83,"column":4},"end":{"line":97,"column":5}},"32":{"start":{"line":85,"column":8},"end":{"line":85,"column":62}},"33":{"start":{"line":91,"column":8},"end":{"line":91,"column":21}},"34":{"start":{"line":93,"column":8},"end":{"line":96,"column":10}},"35":{"start":{"line":101,"column":4},"end":{"line":115,"column":5}},"36":{"start":{"line":102,"column":6},"end":{"line":102,"column":47}},"37":{"start":{"line":104,"column":6},"end":{"line":113,"column":7}},"38":{"start":{"line":105,"column":27},"end":{"line":108,"column":9}},"39":{"start":{"line":109,"column":8},"end":{"line":111,"column":9}},"40":{"start":{"line":110,"column":10},"end":{"line":110,"column":72}},"41":{"start":{"line":112,"column":8},"end":{"line":112,"column":48}},"42":{"start":{"line":114,"column":6},"end":{"line":114,"column":40}},"43":{"start":{"line":119,"column":4},"end":{"line":123,"column":5}},"44":{"start":{"line":120,"column":6},"end":{"line":120,"column":39}},"45":{"start":{"line":122,"column":6},"end":{"line":122,"column":18}},"46":{"start":{"line":127,"column":30},"end":{"line":131,"column":5}},"47":{"start":{"line":132,"column":30},"end":{"line":132,"column":62}},"48":{"start":{"line":133,"column":26},"end":{"line":137,"column":5}},"49":{"start":{"line":138,"column":4},"end":{"line":138,"column":46}},"50":{"start":{"line":139,"column":18},"end":{"line":139,"column":47}},"51":{"start":{"line":140,"column":4},"end":{"line":140,"column":21}},"52":{"start":{"line":141,"column":4},"end":{"line":141,"column":33}},"53":{"start":{"line":146,"column":4},"end":{"line":150,"column":5}},"54":{"start":{"line":147,"column":6},"end":{"line":147,"column":75}},"55":{"start":{"line":148,"column":6},"end":{"line":148,"column":69}},"56":{"start":{"line":149,"column":6},"end":{"line":149,"column":24}},"57":{"start":{"line":154,"column":4},"end":{"line":165,"column":5}},"58":{"start":{"line":157,"column":8},"end":{"line":157,"column":17}},"59":{"start":{"line":162,"column":8},"end":{"line":162,"column":18}},"60":{"start":{"line":164,"column":8},"end":{"line":164,"column":19}},"61":{"start":{"line":166,"column":4},"end":{"line":166,"column":26}},"62":{"start":{"line":172,"column":23},"end":{"line":172,"column":71}},"63":{"start":{"line":173,"column":23},"end":{"line":173,"column":69}},"64":{"start":{"line":174,"column":16},"end":{"line":174,"column":51}},"65":{"start":{"line":175,"column":4},"end":{"line":177,"column":5}},"66":{"start":{"line":176,"column":6},"end":{"line":176,"column":18}},"67":{"start":{"line":179,"column":4},"end":{"line":265,"column":5}},"68":{"start":{"line":182,"column":8},"end":{"line":182,"column":31}},"69":{"start":{"line":183,"column":8},"end":{"line":183,"column":26}},"70":{"start":{"line":184,"column":8},"end":{"line":184,"column":19}},"71":{"start":{"line":185,"column":8},"end":{"line":185,"column":14}},"72":{"start":{"line":189,"column":8},"end":{"line":189,"column":42}},"73":{"start":{"line":190,"column":8},"end":{"line":190,"column":26}},"74":{"start":{"line":191,"column":8},"end":{"line":191,"column":14}},"75":{"start":{"line":195,"column":8},"end":{"line":195,"column":45}},"76":{"start":{"line":197,"column":10},"end":{"line":197,"column":13}},"77":{"start":{"line":198,"column":8},"end":{"line":201,"column":9}},"78":{"start":{"line":199,"column":10},"end":{"line":199,"column":31}},"79":{"start":{"line":200,"column":10},"end":{"line":200,"column":27}},"80":{"start":{"line":202,"column":8},"end":{"line":202,"column":44}},"81":{"start":{"line":204,"column":8},"end":{"line":206,"column":9}},"82":{"start":{"line":205,"column":10},"end":{"line":205,"column":19}},"83":{"start":{"line":207,"column":8},"end":{"line":211,"column":9}},"84":{"start":{"line":208,"column":10},"end":{"line":208,"column":25}},"85":{"start":{"line":209,"column":15},"end":{"line":211,"column":9}},"86":{"start":{"line":210,"column":10},"end":{"line":210,"column":24}},"87":{"start":{"line":212,"column":8},"end":{"line":212,"column":51}},"88":{"start":{"line":213,"column":8},"end":{"line":213,"column":50}},"89":{"start":{"line":214,"column":8},"end":{"line":214,"column":14}},"90":{"start":{"line":218,"column":8},"end":{"line":218,"column":52}},"91":{"start":{"line":219,"column":8},"end":{"line":219,"column":26}},"92":{"start":{"line":220,"column":8},"end":{"line":220,"column":58}},"93":{"start":{"line":221,"column":8},"end":{"line":221,"column":14}},"94":{"start":{"line":227,"column":8},"end":{"line":227,"column":31}},"95":{"start":{"line":228,"column":8},"end":{"line":228,"column":26}},"96":{"start":{"line":229,"column":8},"end":{"line":229,"column":45}},"97":{"start":{"line":230,"column":8},"end":{"line":230,"column":14}},"98":{"start":{"line":234,"column":27},"end":{"line":234,"column":73}},"99":{"start":{"line":236,"column":8},"end":{"line":236,"column":17}},"100":{"start":{"line":237,"column":8},"end":{"line":237,"column":26}},"101":{"start":{"line":238,"column":8},"end":{"line":238,"column":26}},"102":{"start":{"line":239,"column":8},"end":{"line":239,"column":70}},"103":{"start":{"line":240,"column":8},"end":{"line":240,"column":14}},"104":{"start":{"line":243,"column":8},"end":{"line":243,"column":31}},"105":{"start":{"line":245,"column":8},"end":{"line":247,"column":9}},"106":{"start":{"line":246,"column":10},"end":{"line":246,"column":22}},"107":{"start":{"line":248,"column":8},"end":{"line":248,"column":26}},"108":{"start":{"line":249,"column":8},"end":{"line":249,"column":56}},"109":{"start":{"line":250,"column":8},"end":{"line":250,"column":14}},"110":{"start":{"line":253,"column":8},"end":{"line":253,"column":31}},"111":{"start":{"line":254,"column":8},"end":{"line":254,"column":26}},"112":{"start":{"line":255,"column":8},"end":{"line":255,"column":57}},"113":{"start":{"line":256,"column":8},"end":{"line":256,"column":14}},"114":{"start":{"line":259,"column":8},"end":{"line":259,"column":31}},"115":{"start":{"line":260,"column":8},"end":{"line":260,"column":26}},"116":{"start":{"line":261,"column":8},"end":{"line":261,"column":14}},"117":{"start":{"line":264,"column":8},"end":{"line":264,"column":20}},"118":{"start":{"line":268,"column":4},"end":{"line":271,"column":5}},"119":{"start":{"line":269,"column":6},"end":{"line":269,"column":16}},"120":{"start":{"line":270,"column":6},"end":{"line":270,"column":29}},"121":{"start":{"line":272,"column":4},"end":{"line":274,"column":5}},"122":{"start":{"line":273,"column":6},"end":{"line":273,"column":14}},"123":{"start":{"line":275,"column":4},"end":{"line":277,"column":5}},"124":{"start":{"line":276,"column":6},"end":{"line":276,"column":20}},"125":{"start":{"line":280,"column":4},"end":{"line":287,"column":5}},"126":{"start":{"line":281,"column":6},"end":{"line":281,"column":25}},"127":{"start":{"line":283,"column":6},"end":{"line":283,"column":50}},"128":{"start":{"line":284,"column":6},"end":{"line":286,"column":7}},"129":{"start":{"line":285,"column":8},"end":{"line":285,"column":49}},"130":{"start":{"line":289,"column":4},"end":{"line":291,"column":5}},"131":{"start":{"line":290,"column":6},"end":{"line":290,"column":18}},"132":{"start":{"line":293,"column":4},"end":{"line":293,"column":45}},"133":{"start":{"line":301,"column":4},"end":{"line":301,"column":17}},"134":{"start":{"line":305,"column":4},"end":{"line":305,"column":58}},"135":{"start":{"line":309,"column":17},"end":{"line":309,"column":18}},"136":{"start":{"line":311,"column":4},"end":{"line":313,"column":5}},"137":{"start":{"line":312,"column":6},"end":{"line":312,"column":69}},"138":{"start":{"line":315,"column":4},"end":{"line":318,"column":5}},"139":{"start":{"line":316,"column":32},"end":{"line":316,"column":34}},"140":{"start":{"line":317,"column":6},"end":{"line":317,"column":34}},"141":{"start":{"line":319,"column":4},"end":{"line":319,"column":18}},"142":{"start":{"line":324,"column":25},"end":{"line":324,"column":58}},"143":{"start":{"line":325,"column":4},"end":{"line":325,"column":34}},"144":{"start":{"line":331,"column":21},"end":{"line":333,"column":5}},"145":{"start":{"line":332,"column":6},"end":{"line":332,"column":58}},"146":{"start":{"line":334,"column":4},"end":{"line":350,"column":5}},"147":{"start":{"line":335,"column":6},"end":{"line":343,"column":7}},"148":{"start":{"line":336,"column":8},"end":{"line":340,"column":9}},"149":{"start":{"line":337,"column":10},"end":{"line":337,"column":19}},"150":{"start":{"line":339,"column":10},"end":{"line":339,"column":19}},"151":{"start":{"line":342,"column":8},"end":{"line":342,"column":17}},"152":{"start":{"line":345,"column":6},"end":{"line":349,"column":7}},"153":{"start":{"line":346,"column":8},"end":{"line":346,"column":17}},"154":{"start":{"line":348,"column":8},"end":{"line":348,"column":20}},"155":{"start":{"line":355,"column":18},"end":{"line":355,"column":73}},"156":{"start":{"line":355,"column":46},"end":{"line":355,"column":72}},"157":{"start":{"line":356,"column":20},"end":{"line":356,"column":44}},"158":{"start":{"line":357,"column":24},"end":{"line":357,"column":51}},"159":{"start":{"line":358,"column":21},"end":{"line":358,"column":55}},"160":{"start":{"line":361,"column":25},"end":{"line":361,"column":61}},"161":{"start":{"line":361,"column":52},"end":{"line":361,"column":60}},"162":{"start":{"line":362,"column":4},"end":{"line":373,"column":6}},"163":{"start":{"line":364,"column":8},"end":{"line":370,"column":9}},"164":{"start":{"line":365,"column":10},"end":{"line":367,"column":11}},"165":{"start":{"line":366,"column":12},"end":{"line":366,"column":21}},"166":{"start":{"line":368,"column":15},"end":{"line":370,"column":9}},"167":{"start":{"line":369,"column":10},"end":{"line":369,"column":20}},"168":{"start":{"line":371,"column":8},"end":{"line":371,"column":21}},"169":{"start":{"line":375,"column":24},"end":{"line":392,"column":6}},"170":{"start":{"line":376,"column":29},"end":{"line":376,"column":36}},"171":{"start":{"line":377,"column":6},"end":{"line":379,"column":7}},"172":{"start":{"line":378,"column":8},"end":{"line":378,"column":21}},"173":{"start":{"line":382,"column":6},"end":{"line":385,"column":7}},"174":{"start":{"line":383,"column":8},"end":{"line":383,"column":23}},"175":{"start":{"line":384,"column":8},"end":{"line":384,"column":20}},"176":{"start":{"line":387,"column":6},"end":{"line":389,"column":7}},"177":{"start":{"line":388,"column":8},"end":{"line":388,"column":20}},"178":{"start":{"line":390,"column":6},"end":{"line":390,"column":24}},"179":{"start":{"line":391,"column":6},"end":{"line":391,"column":19}},"180":{"start":{"line":394,"column":4},"end":{"line":406,"column":5}},"181":{"start":{"line":395,"column":22},"end":{"line":395,"column":33}},"182":{"start":{"line":396,"column":20},"end":{"line":396,"column":50}},"183":{"start":{"line":397,"column":6},"end":{"line":397,"column":35}},"184":{"start":{"line":398,"column":6},"end":{"line":398,"column":19}},"185":{"start":{"line":400,"column":6},"end":{"line":405,"column":8}},"186":{"start":{"line":412,"column":4},"end":{"line":432,"column":5}},"187":{"start":{"line":413,"column":31},"end":{"line":413,"column":68}},"188":{"start":{"line":414,"column":6},"end":{"line":431,"column":7}},"189":{"start":{"line":415,"column":8},"end":{"line":415,"column":50}},"190":{"start":{"line":419,"column":20},"end":{"line":419,"column":28}},"191":{"start":{"line":420,"column":26},"end":{"line":420,"column":77}},"192":{"start":{"line":421,"column":8},"end":{"line":430,"column":9}},"193":{"start":{"line":422,"column":10},"end":{"line":422,"column":53}},"194":{"start":{"line":423,"column":10},"end":{"line":423,"column":38}},"195":{"start":{"line":424,"column":10},"end":{"line":424,"column":45}},"196":{"start":{"line":428,"column":34},"end":{"line":428,"column":80}},"197":{"start":{"line":429,"column":10},"end":{"line":429,"column":51}},"198":{"start":{"line":433,"column":4},"end":{"line":433,"column":34}},"199":{"start":{"line":437,"column":29},"end":{"line":437,"column":58}},"200":{"start":{"line":438,"column":27},"end":{"line":438,"column":54}},"201":{"start":{"line":439,"column":20},"end":{"line":439,"column":40}},"202":{"start":{"line":440,"column":4},"end":{"line":440,"column":52}},"203":{"start":{"line":441,"column":4},"end":{"line":443,"column":5}},"204":{"start":{"line":442,"column":6},"end":{"line":442,"column":18}},"205":{"start":{"line":444,"column":22},"end":{"line":444,"column":44}},"206":{"start":{"line":445,"column":4},"end":{"line":445,"column":56}},"207":{"start":{"line":447,"column":18},"end":{"line":447,"column":22}},"208":{"start":{"line":448,"column":4},"end":{"line":466,"column":5}},"209":{"start":{"line":449,"column":19},"end":{"line":449,"column":60}},"210":{"start":{"line":450,"column":6},"end":{"line":465,"column":7}},"211":{"start":{"line":451,"column":8},"end":{"line":463,"column":9}},"212":{"start":{"line":452,"column":10},"end":{"line":456,"column":12}},"213":{"start":{"line":458,"column":10},"end":{"line":462,"column":12}},"214":{"start":{"line":464,"column":8},"end":{"line":464,"column":24}},"215":{"start":{"line":467,"column":4},"end":{"line":474,"column":5}},"216":{"start":{"line":468,"column":6},"end":{"line":472,"column":8}},"217":{"start":{"line":473,"column":6},"end":{"line":473,"column":22}},"218":{"start":{"line":475,"column":4},"end":{"line":475,"column":19}},"219":{"start":{"line":484,"column":4},"end":{"line":484,"column":45}},"220":{"start":{"line":485,"column":29},"end":{"line":485,"column":58}},"221":{"start":{"line":486,"column":27},"end":{"line":486,"column":54}},"222":{"start":{"line":487,"column":20},"end":{"line":487,"column":48}},"223":{"start":{"line":488,"column":4},"end":{"line":488,"column":52}},"224":{"start":{"line":490,"column":22},"end":{"line":490,"column":44}},"225":{"start":{"line":491,"column":4},"end":{"line":491,"column":56}},"226":{"start":{"line":493,"column":4},"end":{"line":493,"column":66}},"227":{"start":{"line":494,"column":26},"end":{"line":494,"column":28}},"228":{"start":{"line":496,"column":25},"end":{"line":496,"column":43}},"229":{"start":{"line":497,"column":27},"end":{"line":497,"column":47}},"230":{"start":{"line":498,"column":17},"end":{"line":498,"column":56}},"231":{"start":{"line":499,"column":4},"end":{"line":505,"column":5}},"232":{"start":{"line":503,"column":6},"end":{"line":503,"column":44}},"233":{"start":{"line":504,"column":6},"end":{"line":504,"column":46}},"234":{"start":{"line":506,"column":4},"end":{"line":508,"column":5}},"235":{"start":{"line":507,"column":6},"end":{"line":507,"column":40}},"236":{"start":{"line":511,"column":4},"end":{"line":528,"column":5}},"237":{"start":{"line":513,"column":21},"end":{"line":516,"column":28}},"238":{"start":{"line":517,"column":6},"end":{"line":525,"column":7}},"239":{"start":{"line":518,"column":8},"end":{"line":518,"column":58}},"240":{"start":{"line":520,"column":8},"end":{"line":523,"column":10}},"241":{"start":{"line":524,"column":8},"end":{"line":524,"column":58}},"242":{"start":{"line":527,"column":6},"end":{"line":527,"column":51}},"243":{"start":{"line":530,"column":4},"end":{"line":530,"column":25}},"244":{"start":{"line":536,"column":4},"end":{"line":552,"column":5}},"245":{"start":{"line":538,"column":20},"end":{"line":538,"column":53}},"246":{"start":{"line":539,"column":6},"end":{"line":545,"column":7}},"247":{"start":{"line":540,"column":8},"end":{"line":544,"column":10}},"248":{"start":{"line":546,"column":28},"end":{"line":548,"column":8}},"249":{"start":{"line":549,"column":6},"end":{"line":549,"column":68}},"250":{"start":{"line":550,"column":6},"end":{"line":550,"column":70}},"251":{"start":{"line":551,"column":6},"end":{"line":551,"column":24}},"252":{"start":{"line":556,"column":4},"end":{"line":556,"column":41}},"253":{"start":{"line":557,"column":32},"end":{"line":557,"column":67}},"254":{"start":{"line":558,"column":4},"end":{"line":558,"column":65}},"255":{"start":{"line":561,"column":20},"end":{"line":561,"column":53}},"256":{"start":{"line":562,"column":4},"end":{"line":562,"column":50}},"257":{"start":{"line":563,"column":4},"end":{"line":563,"column":62}},"258":{"start":{"line":564,"column":19},"end":{"line":567,"column":36}},"259":{"start":{"line":568,"column":4},"end":{"line":576,"column":5}},"260":{"start":{"line":569,"column":6},"end":{"line":569,"column":56}},"261":{"start":{"line":571,"column":6},"end":{"line":574,"column":8}},"262":{"start":{"line":575,"column":6},"end":{"line":575,"column":56}},"263":{"start":{"line":577,"column":4},"end":{"line":577,"column":55}},"264":{"start":{"line":580,"column":4},"end":{"line":580,"column":31}},"265":{"start":{"line":585,"column":29},"end":{"line":585,"column":66}},"266":{"start":{"line":586,"column":4},"end":{"line":596,"column":5}},"267":{"start":{"line":587,"column":22},"end":{"line":587,"column":57}},"268":{"start":{"line":588,"column":6},"end":{"line":588,"column":56}},"269":{"start":{"line":589,"column":21},"end":{"line":592,"column":17}},"270":{"start":{"line":593,"column":6},"end":{"line":593,"column":56}},"271":{"start":{"line":595,"column":6},"end":{"line":595,"column":57}},"272":{"start":{"line":600,"column":16},"end":{"line":600,"column":24}},"273":{"start":{"line":601,"column":4},"end":{"line":601,"column":76}},"274":{"start":{"line":605,"column":16},"end":{"line":605,"column":24}},"275":{"start":{"line":606,"column":4},"end":{"line":606,"column":75}},"276":{"start":{"line":610,"column":0},"end":{"line":610,"column":21}}},"fnMap":{"0":{"name":"(anonymous_0)","decl":{"start":{"line":40,"column":2},"end":{"line":40,"column":3}},"loc":{"start":{"line":40,"column":51},"end":{"line":62,"column":3}},"line":40},"1":{"name":"(anonymous_1)","decl":{"start":{"line":64,"column":2},"end":{"line":64,"column":3}},"loc":{"start":{"line":64,"column":38},"end":{"line":76,"column":3}},"line":64},"2":{"name":"(anonymous_2)","decl":{"start":{"line":78,"column":2},"end":{"line":78,"column":3}},"loc":{"start":{"line":78,"column":31},"end":{"line":80,"column":3}},"line":78},"3":{"name":"(anonymous_3)","decl":{"start":{"line":82,"column":2},"end":{"line":82,"column":3}},"loc":{"start":{"line":82,"column":34},"end":{"line":98,"column":3}},"line":82},"4":{"name":"(anonymous_4)","decl":{"start":{"line":100,"column":2},"end":{"line":100,"column":3}},"loc":{"start":{"line":100,"column":33},"end":{"line":116,"column":3}},"line":100},"5":{"name":"(anonymous_5)","decl":{"start":{"line":118,"column":2},"end":{"line":118,"column":3}},"loc":{"start":{"line":118,"column":30},"end":{"line":124,"column":3}},"line":118},"6":{"name":"(anonymous_6)","decl":{"start":{"line":126,"column":2},"end":{"line":126,"column":3}},"loc":{"start":{"line":126,"column":42},"end":{"line":142,"column":3}},"line":126},"7":{"name":"(anonymous_7)","decl":{"start":{"line":144,"column":2},"end":{"line":144,"column":3}},"loc":{"start":{"line":144,"column":31},"end":{"line":151,"column":3}},"line":144},"8":{"name":"(anonymous_8)","decl":{"start":{"line":153,"column":2},"end":{"line":153,"column":3}},"loc":{"start":{"line":153,"column":20},"end":{"line":167,"column":3}},"line":153},"9":{"name":"(anonymous_9)","decl":{"start":{"line":171,"column":2},"end":{"line":171,"column":3}},"loc":{"start":{"line":171,"column":30},"end":{"line":294,"column":3}},"line":171},"10":{"name":"(anonymous_10)","decl":{"start":{"line":296,"column":2},"end":{"line":296,"column":3}},"loc":{"start":{"line":296,"column":25},"end":{"line":302,"column":3}},"line":296},"11":{"name":"(anonymous_11)","decl":{"start":{"line":304,"column":2},"end":{"line":304,"column":3}},"loc":{"start":{"line":304,"column":16},"end":{"line":306,"column":3}},"line":304},"12":{"name":"(anonymous_12)","decl":{"start":{"line":308,"column":2},"end":{"line":308,"column":3}},"loc":{"start":{"line":308,"column":29},"end":{"line":320,"column":3}},"line":308},"13":{"name":"(anonymous_13)","decl":{"start":{"line":322,"column":2},"end":{"line":322,"column":3}},"loc":{"start":{"line":322,"column":25},"end":{"line":326,"column":3}},"line":322},"14":{"name":"(anonymous_14)","decl":{"start":{"line":330,"column":2},"end":{"line":330,"column":3}},"loc":{"start":{"line":330,"column":25},"end":{"line":351,"column":3}},"line":330},"15":{"name":"(anonymous_15)","decl":{"start":{"line":331,"column":21},"end":{"line":331,"column":22}},"loc":{"start":{"line":331,"column":33},"end":{"line":333,"column":5}},"line":331},"16":{"name":"(anonymous_16)","decl":{"start":{"line":354,"column":2},"end":{"line":354,"column":3}},"loc":{"start":{"line":354,"column":33},"end":{"line":407,"column":3}},"line":354},"17":{"name":"(anonymous_17)","decl":{"start":{"line":355,"column":34},"end":{"line":355,"column":35}},"loc":{"start":{"line":355,"column":46},"end":{"line":355,"column":72}},"line":355},"18":{"name":"(anonymous_18)","decl":{"start":{"line":361,"column":40},"end":{"line":361,"column":41}},"loc":{"start":{"line":361,"column":52},"end":{"line":361,"column":60}},"line":361},"19":{"name":"(anonymous_19)","decl":{"start":{"line":363,"column":6},"end":{"line":363,"column":7}},"loc":{"start":{"line":363,"column":70},"end":{"line":372,"column":7}},"line":363},"20":{"name":"(anonymous_20)","decl":{"start":{"line":375,"column":42},"end":{"line":375,"column":43}},"loc":{"start":{"line":375,"column":55},"end":{"line":392,"column":5}},"line":375},"21":{"name":"(anonymous_21)","decl":{"start":{"line":411,"column":2},"end":{"line":411,"column":3}},"loc":{"start":{"line":411,"column":31},"end":{"line":434,"column":3}},"line":411},"22":{"name":"(anonymous_22)","decl":{"start":{"line":436,"column":2},"end":{"line":436,"column":3}},"loc":{"start":{"line":436,"column":37},"end":{"line":476,"column":3}},"line":436},"23":{"name":"(anonymous_23)","decl":{"start":{"line":483,"column":2},"end":{"line":483,"column":3}},"loc":{"start":{"line":483,"column":35},"end":{"line":531,"column":3}},"line":483},"24":{"name":"(anonymous_24)","decl":{"start":{"line":535,"column":2},"end":{"line":535,"column":3}},"loc":{"start":{"line":535,"column":43},"end":{"line":553,"column":3}},"line":535},"25":{"name":"(anonymous_25)","decl":{"start":{"line":555,"column":2},"end":{"line":555,"column":3}},"loc":{"start":{"line":555,"column":32},"end":{"line":581,"column":3}},"line":555},"26":{"name":"(anonymous_26)","decl":{"start":{"line":584,"column":2},"end":{"line":584,"column":3}},"loc":{"start":{"line":584,"column":31},"end":{"line":597,"column":3}},"line":584},"27":{"name":"(anonymous_27)","decl":{"start":{"line":599,"column":2},"end":{"line":599,"column":3}},"loc":{"start":{"line":599,"column":9},"end":{"line":602,"column":3}},"line":599},"28":{"name":"(anonymous_28)","decl":{"start":{"line":604,"column":2},"end":{"line":604,"column":3}},"loc":{"start":{"line":604,"column":8},"end":{"line":607,"column":3}},"line":604}},"branchMap":{"0":{"loc":{"start":{"line":40,"column":19},"end":{"line":40,"column":36}},"type":"default-arg","locations":[{"start":{"line":40,"column":34},"end":{"line":40,"column":36}}],"line":40},"1":{"loc":{"start":{"line":42,"column":4},"end":{"line":44,"column":5}},"type":"if","locations":[{"start":{"line":42,"column":4},"end":{"line":44,"column":5}},{"start":{},"end":{}}],"line":42},"2":{"loc":{"start":{"line":56,"column":4},"end":{"line":60,"column":5}},"type":"if","locations":[{"start":{"line":56,"column":4},"end":{"line":60,"column":5}},{"start":{"line":58,"column":11},"end":{"line":60,"column":5}}],"line":56},"3":{"loc":{"start":{"line":65,"column":4},"end":{"line":67,"column":5}},"type":"if","locations":[{"start":{"line":65,"column":4},"end":{"line":67,"column":5}},{"start":{},"end":{}}],"line":65},"4":{"loc":{"start":{"line":71,"column":4},"end":{"line":73,"column":5}},"type":"if","locations":[{"start":{"line":71,"column":4},"end":{"line":73,"column":5}},{"start":{},"end":{}}],"line":71},"5":{"loc":{"start":{"line":75,"column":34},"end":{"line":75,"column":43}},"type":"binary-expr","locations":[{"start":{"line":75,"column":34},"end":{"line":75,"column":37}},{"start":{"line":75,"column":41},"end":{"line":75,"column":43}}],"line":75},"6":{"loc":{"start":{"line":83,"column":4},"end":{"line":97,"column":5}},"type":"switch","locations":[{"start":{"line":84,"column":6},"end":{"line":85,"column":62}},{"start":{"line":86,"column":6},"end":{"line":86,"column":16}},{"start":{"line":87,"column":6},"end":{"line":87,"column":24}},{"start":{"line":88,"column":6},"end":{"line":88,"column":22}},{"start":{"line":89,"column":6},"end":{"line":89,"column":24}},{"start":{"line":90,"column":6},"end":{"line":91,"column":21}},{"start":{"line":92,"column":6},"end":{"line":96,"column":10}}],"line":83},"7":{"loc":{"start":{"line":101,"column":4},"end":{"line":115,"column":5}},"type":"if","locations":[{"start":{"line":101,"column":4},"end":{"line":115,"column":5}},{"start":{"line":103,"column":11},"end":{"line":115,"column":5}}],"line":101},"8":{"loc":{"start":{"line":102,"column":13},"end":{"line":102,"column":46}},"type":"binary-expr","locations":[{"start":{"line":102,"column":13},"end":{"line":102,"column":38}},{"start":{"line":102,"column":42},"end":{"line":102,"column":46}}],"line":102},"9":{"loc":{"start":{"line":104,"column":6},"end":{"line":113,"column":7}},"type":"if","locations":[{"start":{"line":104,"column":6},"end":{"line":113,"column":7}},{"start":{},"end":{}}],"line":104},"10":{"loc":{"start":{"line":109,"column":8},"end":{"line":111,"column":9}},"type":"if","locations":[{"start":{"line":109,"column":8},"end":{"line":111,"column":9}},{"start":{},"end":{}}],"line":109},"11":{"loc":{"start":{"line":119,"column":4},"end":{"line":123,"column":5}},"type":"if","locations":[{"start":{"line":119,"column":4},"end":{"line":123,"column":5}},{"start":{"line":121,"column":11},"end":{"line":123,"column":5}}],"line":119},"12":{"loc":{"start":{"line":135,"column":6},"end":{"line":135,"column":29}},"type":"binary-expr","locations":[{"start":{"line":135,"column":6},"end":{"line":135,"column":23}},{"start":{"line":135,"column":27},"end":{"line":135,"column":29}}],"line":135},"13":{"loc":{"start":{"line":146,"column":4},"end":{"line":150,"column":5}},"type":"if","locations":[{"start":{"line":146,"column":4},"end":{"line":150,"column":5}},{"start":{},"end":{}}],"line":146},"14":{"loc":{"start":{"line":154,"column":4},"end":{"line":165,"column":5}},"type":"switch","locations":[{"start":{"line":155,"column":6},"end":{"line":155,"column":16}},{"start":{"line":156,"column":6},"end":{"line":157,"column":17}},{"start":{"line":158,"column":6},"end":{"line":158,"column":16}},{"start":{"line":159,"column":6},"end":{"line":159,"column":22}},{"start":{"line":160,"column":6},"end":{"line":160,"column":24}},{"start":{"line":161,"column":6},"end":{"line":162,"column":18}},{"start":{"line":163,"column":6},"end":{"line":164,"column":19}}],"line":154},"15":{"loc":{"start":{"line":175,"column":4},"end":{"line":177,"column":5}},"type":"if","locations":[{"start":{"line":175,"column":4},"end":{"line":177,"column":5}},{"start":{},"end":{}}],"line":175},"16":{"loc":{"start":{"line":175,"column":8},"end":{"line":175,"column":31}},"type":"binary-expr","locations":[{"start":{"line":175,"column":8},"end":{"line":175,"column":12}},{"start":{"line":175,"column":16},"end":{"line":175,"column":31}}],"line":175},"17":{"loc":{"start":{"line":179,"column":4},"end":{"line":265,"column":5}},"type":"switch","locations":[{"start":{"line":181,"column":6},"end":{"line":185,"column":14}},{"start":{"line":188,"column":6},"end":{"line":191,"column":14}},{"start":{"line":194,"column":6},"end":{"line":214,"column":14}},{"start":{"line":217,"column":6},"end":{"line":221,"column":14}},{"start":{"line":225,"column":6},"end":{"line":225,"column":16}},{"start":{"line":226,"column":6},"end":{"line":230,"column":14}},{"start":{"line":233,"column":6},"end":{"line":240,"column":14}},{"start":{"line":242,"column":6},"end":{"line":250,"column":14}},{"start":{"line":252,"column":6},"end":{"line":256,"column":14}},{"start":{"line":258,"column":6},"end":{"line":261,"column":14}},{"start":{"line":263,"column":6},"end":{"line":264,"column":20}}],"line":179},"18":{"loc":{"start":{"line":198,"column":8},"end":{"line":201,"column":9}},"type":"if","locations":[{"start":{"line":198,"column":8},"end":{"line":201,"column":9}},{"start":{},"end":{}}],"line":198},"19":{"loc":{"start":{"line":198,"column":12},"end":{"line":198,"column":76}},"type":"binary-expr","locations":[{"start":{"line":198,"column":13},"end":{"line":198,"column":33}},{"start":{"line":198,"column":37},"end":{"line":198,"column":58}},{"start":{"line":198,"column":63},"end":{"line":198,"column":76}}],"line":198},"20":{"loc":{"start":{"line":204,"column":8},"end":{"line":206,"column":9}},"type":"if","locations":[{"start":{"line":204,"column":8},"end":{"line":206,"column":9}},{"start":{},"end":{}}],"line":204},"21":{"loc":{"start":{"line":207,"column":8},"end":{"line":211,"column":9}},"type":"if","locations":[{"start":{"line":207,"column":8},"end":{"line":211,"column":9}},{"start":{"line":209,"column":15},"end":{"line":211,"column":9}}],"line":207},"22":{"loc":{"start":{"line":209,"column":15},"end":{"line":211,"column":9}},"type":"if","locations":[{"start":{"line":209,"column":15},"end":{"line":211,"column":9}},{"start":{},"end":{}}],"line":209},"23":{"loc":{"start":{"line":245,"column":8},"end":{"line":247,"column":9}},"type":"if","locations":[{"start":{"line":245,"column":8},"end":{"line":247,"column":9}},{"start":{},"end":{}}],"line":245},"24":{"loc":{"start":{"line":268,"column":4},"end":{"line":271,"column":5}},"type":"if","locations":[{"start":{"line":268,"column":4},"end":{"line":271,"column":5}},{"start":{},"end":{}}],"line":268},"25":{"loc":{"start":{"line":268,"column":8},"end":{"line":268,"column":41}},"type":"binary-expr","locations":[{"start":{"line":268,"column":8},"end":{"line":268,"column":14}},{"start":{"line":268,"column":18},"end":{"line":268,"column":41}}],"line":268},"26":{"loc":{"start":{"line":272,"column":4},"end":{"line":274,"column":5}},"type":"if","locations":[{"start":{"line":272,"column":4},"end":{"line":274,"column":5}},{"start":{},"end":{}}],"line":272},"27":{"loc":{"start":{"line":275,"column":4},"end":{"line":277,"column":5}},"type":"if","locations":[{"start":{"line":275,"column":4},"end":{"line":277,"column":5}},{"start":{},"end":{}}],"line":275},"28":{"loc":{"start":{"line":280,"column":4},"end":{"line":287,"column":5}},"type":"if","locations":[{"start":{"line":280,"column":4},"end":{"line":287,"column":5}},{"start":{"line":282,"column":11},"end":{"line":287,"column":5}}],"line":280},"29":{"loc":{"start":{"line":284,"column":6},"end":{"line":286,"column":7}},"type":"if","locations":[{"start":{"line":284,"column":6},"end":{"line":286,"column":7}},{"start":{},"end":{}}],"line":284},"30":{"loc":{"start":{"line":289,"column":4},"end":{"line":291,"column":5}},"type":"if","locations":[{"start":{"line":289,"column":4},"end":{"line":291,"column":5}},{"start":{},"end":{}}],"line":289},"31":{"loc":{"start":{"line":311,"column":4},"end":{"line":313,"column":5}},"type":"if","locations":[{"start":{"line":311,"column":4},"end":{"line":313,"column":5}},{"start":{},"end":{}}],"line":311},"32":{"loc":{"start":{"line":315,"column":4},"end":{"line":318,"column":5}},"type":"if","locations":[{"start":{"line":315,"column":4},"end":{"line":318,"column":5}},{"start":{},"end":{}}],"line":315},"33":{"loc":{"start":{"line":325,"column":11},"end":{"line":325,"column":33}},"type":"binary-expr","locations":[{"start":{"line":325,"column":11},"end":{"line":325,"column":28}},{"start":{"line":325,"column":32},"end":{"line":325,"column":33}}],"line":325},"34":{"loc":{"start":{"line":332,"column":13},"end":{"line":332,"column":57}},"type":"binary-expr","locations":[{"start":{"line":332,"column":13},"end":{"line":332,"column":19}},{"start":{"line":332,"column":23},"end":{"line":332,"column":37}},{"start":{"line":332,"column":41},"end":{"line":332,"column":57}}],"line":332},"35":{"loc":{"start":{"line":334,"column":4},"end":{"line":350,"column":5}},"type":"if","locations":[{"start":{"line":334,"column":4},"end":{"line":350,"column":5}},{"start":{"line":344,"column":11},"end":{"line":350,"column":5}}],"line":334},"36":{"loc":{"start":{"line":335,"column":6},"end":{"line":343,"column":7}},"type":"if","locations":[{"start":{"line":335,"column":6},"end":{"line":343,"column":7}},{"start":{"line":341,"column":13},"end":{"line":343,"column":7}}],"line":335},"37":{"loc":{"start":{"line":336,"column":8},"end":{"line":340,"column":9}},"type":"if","locations":[{"start":{"line":336,"column":8},"end":{"line":340,"column":9}},{"start":{"line":338,"column":15},"end":{"line":340,"column":9}}],"line":336},"38":{"loc":{"start":{"line":345,"column":6},"end":{"line":349,"column":7}},"type":"if","locations":[{"start":{"line":345,"column":6},"end":{"line":349,"column":7}},{"start":{"line":347,"column":13},"end":{"line":349,"column":7}}],"line":345},"39":{"loc":{"start":{"line":358,"column":21},"end":{"line":358,"column":55}},"type":"cond-expr","locations":[{"start":{"line":358,"column":39},"end":{"line":358,"column":51}},{"start":{"line":358,"column":54},"end":{"line":358,"column":55}}],"line":358},"40":{"loc":{"start":{"line":363,"column":16},"end":{"line":363,"column":21}},"type":"default-arg","locations":[{"start":{"line":363,"column":20},"end":{"line":363,"column":21}}],"line":363},"41":{"loc":{"start":{"line":363,"column":46},"end":{"line":363,"column":51}},"type":"default-arg","locations":[{"start":{"line":363,"column":50},"end":{"line":363,"column":51}}],"line":363},"42":{"loc":{"start":{"line":364,"column":8},"end":{"line":370,"column":9}},"type":"if","locations":[{"start":{"line":364,"column":8},"end":{"line":370,"column":9}},{"start":{"line":368,"column":15},"end":{"line":370,"column":9}}],"line":364},"43":{"loc":{"start":{"line":365,"column":10},"end":{"line":367,"column":11}},"type":"if","locations":[{"start":{"line":365,"column":10},"end":{"line":367,"column":11}},{"start":{},"end":{}}],"line":365},"44":{"loc":{"start":{"line":368,"column":15},"end":{"line":370,"column":9}},"type":"if","locations":[{"start":{"line":368,"column":15},"end":{"line":370,"column":9}},{"start":{},"end":{}}],"line":368},"45":{"loc":{"start":{"line":377,"column":6},"end":{"line":379,"column":7}},"type":"if","locations":[{"start":{"line":377,"column":6},"end":{"line":379,"column":7}},{"start":{},"end":{}}],"line":377},"46":{"loc":{"start":{"line":377,"column":10},"end":{"line":377,"column":27}},"type":"binary-expr","locations":[{"start":{"line":377,"column":10},"end":{"line":377,"column":16}},{"start":{"line":377,"column":20},"end":{"line":377,"column":27}}],"line":377},"47":{"loc":{"start":{"line":382,"column":6},"end":{"line":385,"column":7}},"type":"if","locations":[{"start":{"line":382,"column":6},"end":{"line":385,"column":7}},{"start":{},"end":{}}],"line":382},"48":{"loc":{"start":{"line":387,"column":6},"end":{"line":389,"column":7}},"type":"if","locations":[{"start":{"line":387,"column":6},"end":{"line":389,"column":7}},{"start":{},"end":{}}],"line":387},"49":{"loc":{"start":{"line":394,"column":4},"end":{"line":406,"column":5}},"type":"if","locations":[{"start":{"line":394,"column":4},"end":{"line":406,"column":5}},{"start":{"line":399,"column":11},"end":{"line":406,"column":5}}],"line":394},"50":{"loc":{"start":{"line":412,"column":4},"end":{"line":432,"column":5}},"type":"if","locations":[{"start":{"line":412,"column":4},"end":{"line":432,"column":5}},{"start":{},"end":{}}],"line":412},"51":{"loc":{"start":{"line":413,"column":31},"end":{"line":413,"column":68}},"type":"binary-expr","locations":[{"start":{"line":413,"column":31},"end":{"line":413,"column":60}},{"start":{"line":413,"column":64},"end":{"line":413,"column":68}}],"line":413},"52":{"loc":{"start":{"line":414,"column":6},"end":{"line":431,"column":7}},"type":"if","locations":[{"start":{"line":414,"column":6},"end":{"line":431,"column":7}},{"start":{"line":416,"column":13},"end":{"line":431,"column":7}}],"line":414},"53":{"loc":{"start":{"line":414,"column":10},"end":{"line":414,"column":70}},"type":"binary-expr","locations":[{"start":{"line":414,"column":10},"end":{"line":414,"column":26}},{"start":{"line":414,"column":30},"end":{"line":414,"column":70}}],"line":414},"54":{"loc":{"start":{"line":421,"column":8},"end":{"line":430,"column":9}},"type":"if","locations":[{"start":{"line":421,"column":8},"end":{"line":430,"column":9}},{"start":{"line":425,"column":15},"end":{"line":430,"column":9}}],"line":421},"55":{"loc":{"start":{"line":441,"column":4},"end":{"line":443,"column":5}},"type":"if","locations":[{"start":{"line":441,"column":4},"end":{"line":443,"column":5}},{"start":{},"end":{}}],"line":441},"56":{"loc":{"start":{"line":448,"column":4},"end":{"line":466,"column":5}},"type":"if","locations":[{"start":{"line":448,"column":4},"end":{"line":466,"column":5}},{"start":{},"end":{}}],"line":448},"57":{"loc":{"start":{"line":448,"column":8},"end":{"line":448,"column":72}},"type":"binary-expr","locations":[{"start":{"line":448,"column":8},"end":{"line":448,"column":35}},{"start":{"line":448,"column":39},"end":{"line":448,"column":72}}],"line":448},"58":{"loc":{"start":{"line":450,"column":6},"end":{"line":465,"column":7}},"type":"if","locations":[{"start":{"line":450,"column":6},"end":{"line":465,"column":7}},{"start":{},"end":{}}],"line":450},"59":{"loc":{"start":{"line":451,"column":8},"end":{"line":463,"column":9}},"type":"if","locations":[{"start":{"line":451,"column":8},"end":{"line":463,"column":9}},{"start":{"line":457,"column":15},"end":{"line":463,"column":9}}],"line":451},"60":{"loc":{"start":{"line":467,"column":4},"end":{"line":474,"column":5}},"type":"if","locations":[{"start":{"line":467,"column":4},"end":{"line":474,"column":5}},{"start":{},"end":{}}],"line":467},"61":{"loc":{"start":{"line":467,"column":8},"end":{"line":467,"column":66}},"type":"binary-expr","locations":[{"start":{"line":467,"column":8},"end":{"line":467,"column":33}},{"start":{"line":467,"column":37},"end":{"line":467,"column":66}}],"line":467},"62":{"loc":{"start":{"line":487,"column":20},"end":{"line":487,"column":48}},"type":"binary-expr","locations":[{"start":{"line":487,"column":21},"end":{"line":487,"column":41}},{"start":{"line":487,"column":46},"end":{"line":487,"column":48}}],"line":487},"63":{"loc":{"start":{"line":496,"column":25},"end":{"line":496,"column":43}},"type":"binary-expr","locations":[{"start":{"line":496,"column":25},"end":{"line":496,"column":38}},{"start":{"line":496,"column":42},"end":{"line":496,"column":43}}],"line":496},"64":{"loc":{"start":{"line":497,"column":27},"end":{"line":497,"column":47}},"type":"binary-expr","locations":[{"start":{"line":497,"column":27},"end":{"line":497,"column":42}},{"start":{"line":497,"column":46},"end":{"line":497,"column":47}}],"line":497},"65":{"loc":{"start":{"line":499,"column":4},"end":{"line":505,"column":5}},"type":"if","locations":[{"start":{"line":499,"column":4},"end":{"line":505,"column":5}},{"start":{},"end":{}}],"line":499},"66":{"loc":{"start":{"line":500,"column":6},"end":{"line":501,"column":41}},"type":"binary-expr","locations":[{"start":{"line":500,"column":6},"end":{"line":500,"column":48}},{"start":{"line":501,"column":6},"end":{"line":501,"column":41}}],"line":500},"67":{"loc":{"start":{"line":506,"column":4},"end":{"line":508,"column":5}},"type":"if","locations":[{"start":{"line":506,"column":4},"end":{"line":508,"column":5}},{"start":{},"end":{}}],"line":506},"68":{"loc":{"start":{"line":511,"column":4},"end":{"line":528,"column":5}},"type":"if","locations":[{"start":{"line":511,"column":4},"end":{"line":528,"column":5}},{"start":{},"end":{}}],"line":511},"69":{"loc":{"start":{"line":536,"column":4},"end":{"line":552,"column":5}},"type":"if","locations":[{"start":{"line":536,"column":4},"end":{"line":552,"column":5}},{"start":{},"end":{}}],"line":536},"70":{"loc":{"start":{"line":539,"column":6},"end":{"line":545,"column":7}},"type":"if","locations":[{"start":{"line":539,"column":6},"end":{"line":545,"column":7}},{"start":{},"end":{}}],"line":539},"71":{"loc":{"start":{"line":585,"column":29},"end":{"line":585,"column":66}},"type":"binary-expr","locations":[{"start":{"line":585,"column":29},"end":{"line":585,"column":58}},{"start":{"line":585,"column":62},"end":{"line":585,"column":66}}],"line":585},"72":{"loc":{"start":{"line":586,"column":4},"end":{"line":596,"column":5}},"type":"if","locations":[{"start":{"line":586,"column":4},"end":{"line":596,"column":5}},{"start":{"line":594,"column":11},"end":{"line":596,"column":5}}],"line":586},"73":{"loc":{"start":{"line":586,"column":8},"end":{"line":586,"column":68}},"type":"binary-expr","locations":[{"start":{"line":586,"column":8},"end":{"line":586,"column":24}},{"start":{"line":586,"column":28},"end":{"line":586,"column":68}}],"line":586}},"s":{"0":1,"1":1,"2":1,"3":1,"4":1,"5":1,"6":1,"7":1,"8":1,"9":1,"10":9,"11":0,"12":9,"13":9,"14":9,"15":9,"16":9,"17":9,"18":9,"19":9,"20":9,"21":0,"22":9,"23":9,"24":0,"25":9,"26":9,"27":0,"28":9,"29":9,"30":6,"31":13,"32":0,"33":0,"34":13,"35":126,"36":36,"37":90,"38":63,"39":63,"40":13,"41":63,"42":90,"43":3,"44":3,"45":0,"46":2,"47":2,"48":2,"49":2,"50":2,"51":2,"52":2,"53":0,"54":0,"55":0,"56":0,"57":34,"58":0,"59":17,"60":6,"61":11,"62":112,"63":112,"64":112,"65":112,"66":78,"67":34,"68":11,"69":11,"70":11,"71":11,"72":0,"73":0,"74":0,"75":6,"76":6,"77":6,"78":0,"79":0,"80":6,"81":6,"82":6,"83":6,"84":0,"85":6,"86":0,"87":6,"88":6,"89":6,"90":0,"91":0,"92":0,"93":0,"94":0,"95":0,"96":0,"97":0,"98":0,"99":0,"100":0,"101":0,"102":0,"103":0,"104":10,"105":10,"106":3,"107":10,"108":10,"109":10,"110":1,"111":1,"112":1,"113":1,"114":6,"115":6,"116":6,"117":0,"118":34,"119":10,"120":10,"121":34,"122":6,"123":34,"124":10,"125":34,"126":0,"127":34,"128":34,"129":24,"130":34,"131":12,"132":22,"133":24,"134":24,"135":24,"136":24,"137":0,"138":24,"139":0,"140":0,"141":24,"142":11,"143":11,"144":0,"145":0,"146":0,"147":0,"148":0,"149":0,"150":0,"151":0,"152":0,"153":0,"154":0,"155":11,"156":110,"157":11,"158":11,"159":11,"160":11,"161":110,"162":11,"163":13,"164":0,"165":0,"166":13,"167":0,"168":13,"169":11,"170":14,"171":14,"172":0,"173":14,"174":4,"175":4,"176":10,"177":5,"178":5,"179":5,"180":11,"181":9,"182":9,"183":9,"184":9,"185":2,"186":6,"187":4,"188":4,"189":4,"190":0,"191":0,"192":0,"193":0,"194":0,"195":0,"196":0,"197":0,"198":6,"199":0,"200":0,"201":0,"202":0,"203":0,"204":0,"205":0,"206":0,"207":0,"208":0,"209":0,"210":0,"211":0,"212":0,"213":0,"214":0,"215":0,"216":0,"217":0,"218":0,"219":6,"220":6,"221":6,"222":6,"223":6,"224":6,"225":6,"226":6,"227":6,"228":6,"229":6,"230":6,"231":6,"232":4,"233":4,"234":6,"235":3,"236":6,"237":4,"238":4,"239":4,"240":0,"241":0,"242":4,"243":6,"244":4,"245":4,"246":4,"247":4,"248":4,"249":4,"250":4,"251":4,"252":0,"253":0,"254":0,"255":0,"256":0,"257":0,"258":0,"259":0,"260":0,"261":0,"262":0,"263":0,"264":0,"265":0,"266":0,"267":0,"268":0,"269":0,"270":0,"271":0,"272":0,"273":0,"274":22,"275":22,"276":1},"f":{"0":9,"1":9,"2":6,"3":13,"4":126,"5":3,"6":2,"7":0,"8":34,"9":112,"10":24,"11":24,"12":24,"13":11,"14":0,"15":0,"16":11,"17":110,"18":110,"19":13,"20":14,"21":6,"22":0,"23":6,"24":4,"25":0,"26":0,"27":0,"28":22},"b":{"0":[0],"1":[0,9],"2":[9,0],"3":[0,9],"4":[0,9],"5":[9,0],"6":[0,0,0,0,0,0,13],"7":[36,90],"8":[36,17],"9":[63,27],"10":[13,50],"11":[3,0],"12":[2,0],"13":[0,0],"14":[0,0,6,6,16,17,6],"15":[78,34],"16":[112,34],"17":[11,0,6,0,0,0,0,10,1,6,0],"18":[0,6],"19":[6,6,6],"20":[6,0],"21":[0,6],"22":[0,6],"23":[3,7],"24":[10,24],"25":[34,24],"26":[6,28],"27":[10,24],"28":[0,34],"29":[24,10],"30":[12,22],"31":[0,24],"32":[0,24],"33":[11,0],"34":[0,0,0],"35":[0,0],"36":[0,0],"37":[0,0],"38":[0,0],"39":[6,5],"40":[0],"41":[0],"42":[0,13],"43":[0,0],"44":[0,13],"45":[0,14],"46":[14,14],"47":[4,10],"48":[5,5],"49":[9,2],"50":[4,2],"51":[4,0],"52":[4,0],"53":[4,4],"54":[0,0],"55":[0,0],"56":[0,0],"57":[0,0],"58":[0,0],"59":[0,0],"60":[0,0],"61":[0,0],"62":[6,0],"63":[6,0],"64":[6,0],"65":[4,2],"66":[6,2],"67":[3,3],"68":[4,2],"69":[4,0],"70":[4,0],"71":[0,0],"72":[0,0],"73":[0,0]},"_coverageSchema":"1a1c01bbd47fc00a2c39e90264f33305004495a9","hash":"e684cdad4030f396f3640bce97c5bf1e6ae3b8fe"}
,"/Users/jeanno/Projects/kickscrew/admin-portal/nexus/price-engine/src/skuDataHandler.js": {"path":"/Users/jeanno/Projects/kickscrew/admin-portal/nexus/price-engine/src/skuDataHandler.js","statementMap":{"0":{"start":{"line":1,"column":15},"end":{"line":1,"column":42}},"1":{"start":{"line":2,"column":18},"end":{"line":2,"column":33}},"2":{"start":{"line":3,"column":11},"end":{"line":3,"column":26}},"3":{"start":{"line":7,"column":4},"end":{"line":7,"column":40}},"4":{"start":{"line":11,"column":4},"end":{"line":11,"column":48}},"5":{"start":{"line":15,"column":4},"end":{"line":15,"column":65}},"6":{"start":{"line":19,"column":4},"end":{"line":19,"column":50}},"7":{"start":{"line":23,"column":4},"end":{"line":23,"column":43}},"8":{"start":{"line":27,"column":4},"end":{"line":27,"column":41}},"9":{"start":{"line":31,"column":4},"end":{"line":31,"column":46}},"10":{"start":{"line":35,"column":4},"end":{"line":35,"column":41}},"11":{"start":{"line":39,"column":4},"end":{"line":39,"column":39}},"12":{"start":{"line":43,"column":4},"end":{"line":43,"column":45}},"13":{"start":{"line":47,"column":4},"end":{"line":47,"column":36}},"14":{"start":{"line":51,"column":4},"end":{"line":51,"column":43}},"15":{"start":{"line":55,"column":4},"end":{"line":55,"column":43}},"16":{"start":{"line":59,"column":0},"end":{"line":59,"column":32}}},"fnMap":{"0":{"name":"(anonymous_0)","decl":{"start":{"line":6,"column":2},"end":{"line":6,"column":3}},"loc":{"start":{"line":6,"column":19},"end":{"line":8,"column":3}},"line":6},"1":{"name":"(anonymous_1)","decl":{"start":{"line":10,"column":2},"end":{"line":10,"column":3}},"loc":{"start":{"line":10,"column":44},"end":{"line":12,"column":3}},"line":10},"2":{"name":"(anonymous_2)","decl":{"start":{"line":14,"column":2},"end":{"line":14,"column":3}},"loc":{"start":{"line":14,"column":61},"end":{"line":16,"column":3}},"line":14},"3":{"name":"(anonymous_3)","decl":{"start":{"line":18,"column":2},"end":{"line":18,"column":3}},"loc":{"start":{"line":18,"column":46},"end":{"line":20,"column":3}},"line":18},"4":{"name":"(anonymous_4)","decl":{"start":{"line":22,"column":2},"end":{"line":22,"column":3}},"loc":{"start":{"line":22,"column":37},"end":{"line":24,"column":3}},"line":22},"5":{"name":"(anonymous_5)","decl":{"start":{"line":26,"column":2},"end":{"line":26,"column":3}},"loc":{"start":{"line":26,"column":35},"end":{"line":28,"column":3}},"line":26},"6":{"name":"(anonymous_6)","decl":{"start":{"line":30,"column":2},"end":{"line":30,"column":3}},"loc":{"start":{"line":30,"column":38},"end":{"line":32,"column":3}},"line":30},"7":{"name":"(anonymous_7)","decl":{"start":{"line":34,"column":2},"end":{"line":34,"column":3}},"loc":{"start":{"line":34,"column":37},"end":{"line":36,"column":3}},"line":34},"8":{"name":"(anonymous_8)","decl":{"start":{"line":38,"column":2},"end":{"line":38,"column":3}},"loc":{"start":{"line":38,"column":35},"end":{"line":40,"column":3}},"line":38},"9":{"name":"(anonymous_9)","decl":{"start":{"line":42,"column":2},"end":{"line":42,"column":3}},"loc":{"start":{"line":42,"column":34},"end":{"line":44,"column":3}},"line":42},"10":{"name":"(anonymous_10)","decl":{"start":{"line":46,"column":2},"end":{"line":46,"column":3}},"loc":{"start":{"line":46,"column":32},"end":{"line":48,"column":3}},"line":46},"11":{"name":"(anonymous_11)","decl":{"start":{"line":50,"column":2},"end":{"line":50,"column":3}},"loc":{"start":{"line":50,"column":27},"end":{"line":52,"column":3}},"line":50},"12":{"name":"(anonymous_12)","decl":{"start":{"line":54,"column":2},"end":{"line":54,"column":3}},"loc":{"start":{"line":54,"column":27},"end":{"line":56,"column":3}},"line":54}},"branchMap":{},"s":{"0":1,"1":1,"2":1,"3":0,"4":0,"5":0,"6":0,"7":0,"8":0,"9":0,"10":0,"11":0,"12":0,"13":0,"14":0,"15":0,"16":1},"f":{"0":0,"1":0,"2":0,"3":0,"4":0,"5":0,"6":0,"7":0,"8":0,"9":0,"10":0,"11":0,"12":0},"b":{},"_coverageSchema":"1a1c01bbd47fc00a2c39e90264f33305004495a9","hash":"e71fd7d4fba58f82aa56c1df67ab9d420676e2b5"}
,"/Users/jeanno/Projects/kickscrew/admin-portal/nexus/price-engine/src/util.js": {"path":"/Users/jeanno/Projects/kickscrew/admin-portal/nexus/price-engine/src/util.js","statementMap":{"0":{"start":{"line":1,"column":0},"end":{"line":9,"column":1}},"1":{"start":{"line":3,"column":4},"end":{"line":3,"column":46}},"2":{"start":{"line":7,"column":4},"end":{"line":7,"column":40}}},"fnMap":{"0":{"name":"(anonymous_0)","decl":{"start":{"line":2,"column":2},"end":{"line":2,"column":3}},"loc":{"start":{"line":2,"column":18},"end":{"line":4,"column":3}},"line":2},"1":{"name":"(anonymous_1)","decl":{"start":{"line":6,"column":2},"end":{"line":6,"column":3}},"loc":{"start":{"line":6,"column":23},"end":{"line":8,"column":3}},"line":6}},"branchMap":{},"s":{"0":1,"1":0,"2":6},"f":{"0":0,"1":6},"b":{},"_coverageSchema":"1a1c01bbd47fc00a2c39e90264f33305004495a9","hash":"f0954a75c140979e0b591aa0ce4853cb41080978"}
}
