TN:
SF:src/db.js
FN:30,query
FN:31,(anonymous_1)
FN:33,(anonymous_2)
FN:44,queryExists
FN:49,queryOne
FN:54,queryValue
FN:59,getRates
FN:65,getSetup
FN:69,getCategoryByProduct
FN:78,getCurrentStockDetail
FN:89,getProductDetail
FN:99,getProductSKUs
FN:108,getIsProductSuspendedBySource
FN:119,getQtyByWarehouse
FN:128,getStockDetailBySource
FN:148,getStockDetailKC
FN:170,getStockDetailConsign
FN:181,getStockDetailDU
FN:194,getStockDetailHeiya
FN:207,getStockDetailIdTaiwan
FN:218,getStockDetailAfTaiwan
FN:229,getStockDetailSnkrdunk
FN:239,updateStockDetail
FN:258,doInsertStockDetail
FN:268,doUpdateStockDetail
FNF:25
FNH:0
FNDA:0,query
FNDA:0,(anonymous_1)
FNDA:0,(anonymous_2)
FNDA:0,queryExists
FNDA:0,queryOne
FNDA:0,queryValue
FNDA:0,getRates
FNDA:0,getSetup
FNDA:0,getCategoryByProduct
FNDA:0,getCurrentStockDetail
FNDA:0,getProductDetail
FNDA:0,getProductSKUs
FNDA:0,getIsProductSuspendedBySource
FNDA:0,getQtyByWarehouse
FNDA:0,getStockDetailBySource
FNDA:0,getStockDetailKC
FNDA:0,getStockDetailConsign
FNDA:0,getStockDetailDU
FNDA:0,getStockDetailHeiya
FNDA:0,getStockDetailIdTaiwan
FNDA:0,getStockDetailAfTaiwan
FNDA:0,getStockDetailSnkrdunk
FNDA:0,updateStockDetail
FNDA:0,doInsertStockDetail
FNDA:0,doUpdateStockDetail
DA:1,1
DA:3,1
DA:5,1
DA:16,1
DA:17,1
DA:18,1
DA:20,1
DA:31,0
DA:32,0
DA:34,0
DA:35,0
DA:37,0
DA:45,0
DA:46,0
DA:50,0
DA:51,0
DA:55,0
DA:56,0
DA:60,0
DA:66,0
DA:70,0
DA:79,0
DA:90,0
DA:100,0
DA:109,0
DA:110,0
DA:120,0
DA:129,0
DA:131,0
DA:133,0
DA:135,0
DA:137,0
DA:139,0
DA:141,0
DA:143,0
DA:145,0
DA:149,0
DA:171,0
DA:182,0
DA:196,0
DA:208,0
DA:219,0
DA:231,0
DA:242,0
DA:243,0
DA:244,0
DA:245,0
DA:246,0
DA:247,0
DA:249,0
DA:250,0
DA:252,0
DA:253,0
DA:255,0
DA:259,0
DA:269,0
DA:282,1
LF:57
LH:8
BRDA:16,0,0,1
BRDA:16,0,1,0
BRDA:17,1,0,1
BRDA:17,1,1,0
BRDA:18,2,0,1
BRDA:18,2,1,1
BRDA:21,3,0,1
BRDA:21,3,1,0
BRDA:22,4,0,1
BRDA:22,4,1,0
BRDA:23,5,0,1
BRDA:23,5,1,0
BRDA:34,6,0,0
BRDA:34,6,1,0
BRDA:51,7,0,0
BRDA:51,7,1,0
BRDA:56,8,0,0
BRDA:56,8,1,0
BRDA:109,9,0,0
BRDA:109,9,1,0
BRDA:129,10,0,0
BRDA:129,10,1,0
BRDA:129,10,2,0
BRDA:129,10,3,0
BRDA:129,10,4,0
BRDA:129,10,5,0
BRDA:129,10,6,0
BRDA:243,11,0,0
BRDA:243,11,1,0
BRDA:247,12,0,0
BRDA:247,12,1,0
BRDA:252,13,0,0
BRDA:252,13,1,0
BRF:33
BRH:7
end_of_record
TN:
SF:src/fs.js
FN:8,toTimestamp
FN:12,cleanDocAddress
FN:16,read
FN:22,write
FN:27,getPriceStock
FN:31,getPriceStockByModelNumber
FN:39,(anonymous_6)
FN:43,setPriceStock
FNF:8
FNH:0
FNDA:0,toTimestamp
FNDA:0,cleanDocAddress
FNDA:0,read
FNDA:0,write
FNDA:0,getPriceStock
FNDA:0,getPriceStockByModelNumber
FNDA:0,(anonymous_6)
FNDA:0,setPriceStock
DA:1,1
DA:3,1
DA:5,1
DA:6,1
DA:9,0
DA:13,0
DA:17,0
DA:18,0
DA:19,0
DA:23,0
DA:24,0
DA:28,0
DA:33,0
DA:35,0
DA:36,0
DA:38,0
DA:39,0
DA:40,0
DA:44,0
DA:47,1
LF:20
LH:5
BRDA:3,0,0,1
BRDA:3,0,1,1
BRDA:19,1,0,0
BRDA:19,1,1,0
BRDA:35,2,0,0
BRDA:35,2,1,0
BRF:6
BRH:2
end_of_record
TN:
SF:src/pricing-config.js
FN:42,fetchCurrencyRates
FN:45,(anonymous_1)
FN:71,(anonymous_2)
FN:80,(anonymous_3)
FN:86,(anonymous_4)
FN:92,(anonymous_5)
FN:98,(anonymous_6)
FN:102,(anonymous_7)
FN:106,(anonymous_8)
FNF:9
FNH:0
FNDA:0,fetchCurrencyRates
FNDA:0,(anonymous_1)
FNDA:0,(anonymous_2)
FNDA:0,(anonymous_3)
FNDA:0,(anonymous_4)
FNDA:0,(anonymous_5)
FNDA:0,(anonymous_6)
FNDA:0,(anonymous_7)
FNDA:0,(anonymous_8)
DA:1,1
DA:2,1
DA:4,1
DA:31,1
DA:33,1
DA:41,1
DA:43,0
DA:44,0
DA:45,0
DA:46,0
DA:47,0
DA:48,0
DA:56,0
DA:60,0
DA:63,1
DA:65,1
DA:72,0
DA:74,0
DA:75,0
DA:77,0
DA:81,0
DA:82,0
DA:83,0
DA:87,0
DA:88,0
DA:89,0
DA:93,0
DA:94,0
DA:95,0
DA:99,0
DA:103,0
DA:107,0
LF:32
LH:8
BRDA:43,0,0,0
BRDA:43,0,1,0
BRDA:47,1,0,0
BRDA:47,1,1,0
BRDA:72,2,0,0
BRDA:72,2,1,0
BRDA:83,3,0,0
BRDA:83,3,1,0
BRDA:89,4,0,0
BRDA:89,4,1,0
BRDA:95,5,0,0
BRDA:95,5,1,0
BRF:12
BRH:0
end_of_record
TN:
SF:src/sku.js
FN:40,(anonymous_0)
FN:64,(anonymous_1)
FN:78,(anonymous_2)
FN:82,(anonymous_3)
FN:100,(anonymous_4)
FN:118,(anonymous_5)
FN:126,(anonymous_6)
FN:144,(anonymous_7)
FN:153,(anonymous_8)
FN:171,(anonymous_9)
FN:296,(anonymous_10)
FN:304,(anonymous_11)
FN:308,(anonymous_12)
FN:322,(anonymous_13)
FN:330,(anonymous_14)
FN:331,(anonymous_15)
FN:354,(anonymous_16)
FN:355,(anonymous_17)
FN:361,(anonymous_18)
FN:363,(anonymous_19)
FN:375,(anonymous_20)
FN:411,(anonymous_21)
FN:436,(anonymous_22)
FN:483,(anonymous_23)
FN:535,(anonymous_24)
FN:555,(anonymous_25)
FN:584,(anonymous_26)
FN:599,(anonymous_27)
FN:604,(anonymous_28)
FNF:29
FNH:22
FNDA:9,(anonymous_0)
FNDA:9,(anonymous_1)
FNDA:6,(anonymous_2)
FNDA:13,(anonymous_3)
FNDA:126,(anonymous_4)
FNDA:3,(anonymous_5)
FNDA:2,(anonymous_6)
FNDA:0,(anonymous_7)
FNDA:34,(anonymous_8)
FNDA:112,(anonymous_9)
FNDA:24,(anonymous_10)
FNDA:24,(anonymous_11)
FNDA:24,(anonymous_12)
FNDA:11,(anonymous_13)
FNDA:0,(anonymous_14)
FNDA:0,(anonymous_15)
FNDA:11,(anonymous_16)
FNDA:110,(anonymous_17)
FNDA:110,(anonymous_18)
FNDA:13,(anonymous_19)
FNDA:14,(anonymous_20)
FNDA:6,(anonymous_21)
FNDA:0,(anonymous_22)
FNDA:6,(anonymous_23)
FNDA:4,(anonymous_24)
FNDA:0,(anonymous_25)
FNDA:0,(anonymous_26)
FNDA:0,(anonymous_27)
FNDA:22,(anonymous_28)
DA:1,1
DA:3,1
DA:4,1
DA:6,1
DA:20,1
DA:26,1
DA:29,1
DA:32,1
DA:35,1
DA:37,1
DA:42,9
DA:43,0
DA:45,9
DA:47,9
DA:48,9
DA:49,9
DA:52,9
DA:54,9
DA:55,9
DA:56,9
DA:57,9
DA:59,0
DA:61,9
DA:65,9
DA:66,0
DA:68,9
DA:71,9
DA:72,0
DA:74,9
DA:75,9
DA:79,6
DA:83,13
DA:85,0
DA:91,0
DA:93,13
DA:101,126
DA:102,36
DA:104,90
DA:105,63
DA:109,63
DA:110,13
DA:112,63
DA:114,90
DA:119,3
DA:120,3
DA:122,0
DA:127,2
DA:132,2
DA:133,2
DA:138,2
DA:139,2
DA:140,2
DA:141,2
DA:146,0
DA:147,0
DA:148,0
DA:149,0
DA:154,34
DA:157,0
DA:162,17
DA:164,6
DA:166,11
DA:172,112
DA:173,112
DA:174,112
DA:175,112
DA:176,78
DA:179,34
DA:182,11
DA:183,11
DA:184,11
DA:185,11
DA:189,0
DA:190,0
DA:191,0
DA:195,6
DA:197,6
DA:198,6
DA:199,0
DA:200,0
DA:202,6
DA:204,6
DA:205,6
DA:207,6
DA:208,0
DA:209,6
DA:210,0
DA:212,6
DA:213,6
DA:214,6
DA:218,0
DA:219,0
DA:220,0
DA:221,0
DA:227,0
DA:228,0
DA:229,0
DA:230,0
DA:234,0
DA:236,0
DA:237,0
DA:238,0
DA:239,0
DA:240,0
DA:243,10
DA:245,10
DA:246,3
DA:248,10
DA:249,10
DA:250,10
DA:253,1
DA:254,1
DA:255,1
DA:256,1
DA:259,6
DA:260,6
DA:261,6
DA:264,0
DA:268,34
DA:269,10
DA:270,10
DA:272,34
DA:273,6
DA:275,34
DA:276,10
DA:280,34
DA:281,0
DA:283,34
DA:284,34
DA:285,24
DA:289,34
DA:290,12
DA:293,22
DA:301,24
DA:305,24
DA:309,24
DA:311,24
DA:312,0
DA:315,24
DA:316,0
DA:317,0
DA:319,24
DA:324,11
DA:325,11
DA:331,0
DA:332,0
DA:334,0
DA:335,0
DA:336,0
DA:337,0
DA:339,0
DA:342,0
DA:345,0
DA:346,0
DA:348,0
DA:355,110
DA:356,11
DA:357,11
DA:358,11
DA:361,110
DA:362,11
DA:364,13
DA:365,0
DA:366,0
DA:368,13
DA:369,0
DA:371,13
DA:375,11
DA:376,14
DA:377,14
DA:378,0
DA:382,14
DA:383,4
DA:384,4
DA:387,10
DA:388,5
DA:390,5
DA:391,5
DA:394,11
DA:395,9
DA:396,9
DA:397,9
DA:398,9
DA:400,2
DA:412,6
DA:413,4
DA:414,4
DA:415,4
DA:419,0
DA:420,0
DA:421,0
DA:422,0
DA:423,0
DA:424,0
DA:428,0
DA:429,0
DA:433,6
DA:437,0
DA:438,0
DA:439,0
DA:440,0
DA:441,0
DA:442,0
DA:444,0
DA:445,0
DA:447,0
DA:448,0
DA:449,0
DA:450,0
DA:451,0
DA:452,0
DA:458,0
DA:464,0
DA:467,0
DA:468,0
DA:473,0
DA:475,0
DA:484,6
DA:485,6
DA:486,6
DA:487,6
DA:488,6
DA:490,6
DA:491,6
DA:493,6
DA:494,6
DA:496,6
DA:497,6
DA:498,6
DA:499,6
DA:503,4
DA:504,4
DA:506,6
DA:507,3
DA:511,6
DA:513,4
DA:517,4
DA:518,4
DA:520,0
DA:524,0
DA:527,4
DA:530,6
DA:536,4
DA:538,4
DA:539,4
DA:540,4
DA:546,4
DA:549,4
DA:550,4
DA:551,4
DA:556,0
DA:557,0
DA:558,0
DA:561,0
DA:562,0
DA:563,0
DA:564,0
DA:568,0
DA:569,0
DA:571,0
DA:575,0
DA:577,0
DA:580,0
DA:585,0
DA:586,0
DA:587,0
DA:588,0
DA:589,0
DA:593,0
DA:595,0
DA:600,0
DA:601,0
DA:605,22
DA:606,22
DA:610,1
LF:275
LH:170
BRDA:40,0,0,0
BRDA:42,1,0,0
BRDA:42,1,1,9
BRDA:56,2,0,9
BRDA:56,2,1,0
BRDA:65,3,0,0
BRDA:65,3,1,9
BRDA:71,4,0,0
BRDA:71,4,1,9
BRDA:75,5,0,9
BRDA:75,5,1,0
BRDA:83,6,0,0
BRDA:83,6,1,0
BRDA:83,6,2,0
BRDA:83,6,3,0
BRDA:83,6,4,0
BRDA:83,6,5,0
BRDA:83,6,6,13
BRDA:101,7,0,36
BRDA:101,7,1,90
BRDA:102,8,0,36
BRDA:102,8,1,17
BRDA:104,9,0,63
BRDA:104,9,1,27
BRDA:109,10,0,13
BRDA:109,10,1,50
BRDA:119,11,0,3
BRDA:119,11,1,0
BRDA:135,12,0,2
BRDA:135,12,1,0
BRDA:146,13,0,0
BRDA:146,13,1,0
BRDA:154,14,0,0
BRDA:154,14,1,0
BRDA:154,14,2,6
BRDA:154,14,3,6
BRDA:154,14,4,16
BRDA:154,14,5,17
BRDA:154,14,6,6
BRDA:175,15,0,78
BRDA:175,15,1,34
BRDA:175,16,0,112
BRDA:175,16,1,34
BRDA:179,17,0,11
BRDA:179,17,1,0
BRDA:179,17,2,6
BRDA:179,17,3,0
BRDA:179,17,4,0
BRDA:179,17,5,0
BRDA:179,17,6,0
BRDA:179,17,7,10
BRDA:179,17,8,1
BRDA:179,17,9,6
BRDA:179,17,10,0
BRDA:198,18,0,0
BRDA:198,18,1,6
BRDA:198,19,0,6
BRDA:198,19,1,6
BRDA:198,19,2,6
BRDA:204,20,0,6
BRDA:204,20,1,0
BRDA:207,21,0,0
BRDA:207,21,1,6
BRDA:209,22,0,0
BRDA:209,22,1,6
BRDA:245,23,0,3
BRDA:245,23,1,7
BRDA:268,24,0,10
BRDA:268,24,1,24
BRDA:268,25,0,34
BRDA:268,25,1,24
BRDA:272,26,0,6
BRDA:272,26,1,28
BRDA:275,27,0,10
BRDA:275,27,1,24
BRDA:280,28,0,0
BRDA:280,28,1,34
BRDA:284,29,0,24
BRDA:284,29,1,10
BRDA:289,30,0,12
BRDA:289,30,1,22
BRDA:311,31,0,0
BRDA:311,31,1,24
BRDA:315,32,0,0
BRDA:315,32,1,24
BRDA:325,33,0,11
BRDA:325,33,1,0
BRDA:332,34,0,0
BRDA:332,34,1,0
BRDA:332,34,2,0
BRDA:334,35,0,0
BRDA:334,35,1,0
BRDA:335,36,0,0
BRDA:335,36,1,0
BRDA:336,37,0,0
BRDA:336,37,1,0
BRDA:345,38,0,0
BRDA:345,38,1,0
BRDA:358,39,0,6
BRDA:358,39,1,5
BRDA:363,40,0,0
BRDA:363,41,0,0
BRDA:364,42,0,0
BRDA:364,42,1,13
BRDA:365,43,0,0
BRDA:365,43,1,0
BRDA:368,44,0,0
BRDA:368,44,1,13
BRDA:377,45,0,0
BRDA:377,45,1,14
BRDA:377,46,0,14
BRDA:377,46,1,14
BRDA:382,47,0,4
BRDA:382,47,1,10
BRDA:387,48,0,5
BRDA:387,48,1,5
BRDA:394,49,0,9
BRDA:394,49,1,2
BRDA:412,50,0,4
BRDA:412,50,1,2
BRDA:413,51,0,4
BRDA:413,51,1,0
BRDA:414,52,0,4
BRDA:414,52,1,0
BRDA:414,53,0,4
BRDA:414,53,1,4
BRDA:421,54,0,0
BRDA:421,54,1,0
BRDA:441,55,0,0
BRDA:441,55,1,0
BRDA:448,56,0,0
BRDA:448,56,1,0
BRDA:448,57,0,0
BRDA:448,57,1,0
BRDA:450,58,0,0
BRDA:450,58,1,0
BRDA:451,59,0,0
BRDA:451,59,1,0
BRDA:467,60,0,0
BRDA:467,60,1,0
BRDA:467,61,0,0
BRDA:467,61,1,0
BRDA:487,62,0,6
BRDA:487,62,1,0
BRDA:496,63,0,6
BRDA:496,63,1,0
BRDA:497,64,0,6
BRDA:497,64,1,0
BRDA:499,65,0,4
BRDA:499,65,1,2
BRDA:500,66,0,6
BRDA:500,66,1,2
BRDA:506,67,0,3
BRDA:506,67,1,3
BRDA:511,68,0,4
BRDA:511,68,1,2
BRDA:536,69,0,4
BRDA:536,69,1,0
BRDA:539,70,0,4
BRDA:539,70,1,0
BRDA:585,71,0,0
BRDA:585,71,1,0
BRDA:586,72,0,0
BRDA:586,72,1,0
BRDA:586,73,0,0
BRDA:586,73,1,0
BRF:166
BRH:87
end_of_record
TN:
SF:src/skuDataHandler.js
FN:6,(anonymous_0)
FN:10,(anonymous_1)
FN:14,(anonymous_2)
FN:18,(anonymous_3)
FN:22,(anonymous_4)
FN:26,(anonymous_5)
FN:30,(anonymous_6)
FN:34,(anonymous_7)
FN:38,(anonymous_8)
FN:42,(anonymous_9)
FN:46,(anonymous_10)
FN:50,(anonymous_11)
FN:54,(anonymous_12)
FNF:13
FNH:0
FNDA:0,(anonymous_0)
FNDA:0,(anonymous_1)
FNDA:0,(anonymous_2)
FNDA:0,(anonymous_3)
FNDA:0,(anonymous_4)
FNDA:0,(anonymous_5)
FNDA:0,(anonymous_6)
FNDA:0,(anonymous_7)
FNDA:0,(anonymous_8)
FNDA:0,(anonymous_9)
FNDA:0,(anonymous_10)
FNDA:0,(anonymous_11)
FNDA:0,(anonymous_12)
DA:1,1
DA:2,1
DA:3,1
DA:7,0
DA:11,0
DA:15,0
DA:19,0
DA:23,0
DA:27,0
DA:31,0
DA:35,0
DA:39,0
DA:43,0
DA:47,0
DA:51,0
DA:55,0
DA:59,1
LF:17
LH:4
BRF:0
BRH:0
end_of_record
TN:
SF:src/util.js
FN:2,(anonymous_0)
FN:6,(anonymous_1)
FNF:2
FNH:1
FNDA:0,(anonymous_0)
FNDA:6,(anonymous_1)
DA:1,1
DA:3,0
DA:7,6
LF:3
LH:2
BRF:0
BRH:0
end_of_record
